Log file open, 05/18/19 11:29:31
LogWindows: Failed to load 'aqProf.dll' (GetLastError=126)
LogWindows: File 'aqProf.dll' does not exist
LogWindows: Failed to load 'VSPerf140.dll' (GetLastError=126)
LogWindows: File 'VSPerf140.dll' does not exist
LogWindows: Failed to load 'VtuneApi.dll' (GetLastError=126)
LogWindows: File 'VtuneApi.dll' does not exist
LogWindows: Failed to load 'VtuneApi32e.dll' (GetLastError=126)
LogWindows: File 'VtuneApi32e.dll' does not exist
LogInit: Display: Running engine for game: Movement2_5D
LogPlatformFile: Not using cached read wrapper
LogTaskGraph: Started task graph with 5 named threads and 23 total threads with 3 sets of task threads.
LogStats: Stats thread started at 0.737444
LogD3D11RHI: Loaded GFSDK_Aftermath_Lib.x64.dll
LogICUInternationalization: Display: ICU TimeZone Detection - Raw Offset: +1:00, Platform Override: ''
LogPluginManager: Mounting plugin Paper2D
LogPluginManager: Mounting plugin AISupport
LogPluginManager: Mounting plugin LightPropagationVolume
LogPluginManager: Mounting plugin CLionSourceCodeAccess
LogPluginManager: Mounting plugin CodeLiteSourceCodeAccess
LogPluginManager: Mounting plugin GitSourceControl
LogPluginManager: Mounting plugin KDevelopSourceCodeAccess
LogPluginManager: Mounting plugin NullSourceCodeAccess
LogPluginManager: Mounting plugin PerforceSourceControl
LogPluginManager: Mounting plugin SubversionSourceControl
LogPluginManager: Mounting plugin UObjectPlugin
LogPluginManager: Mounting plugin VisualStudioCodeSourceCodeAccess
LogPluginManager: Mounting plugin VisualStudioSourceCodeAccess
LogPluginManager: Mounting plugin XCodeSourceCodeAccess
LogPluginManager: Mounting plugin AssetManagerEditor
LogPluginManager: Mounting plugin CryptoKeys
LogPluginManager: Mounting plugin DataValidation
LogPluginManager: Mounting plugin FacialAnimation
LogPluginManager: Mounting plugin GameplayTagsEditor
LogPluginManager: Mounting plugin MacGraphicsSwitching
LogPluginManager: Mounting plugin MeshEditor
LogPluginManager: Mounting plugin MobileLauncherProfileWizard
LogPluginManager: Mounting plugin PluginBrowser
LogPluginManager: Mounting plugin SpeedTreeImporter
LogPluginManager: Mounting plugin DatasmithContent
LogPluginManager: Mounting plugin AlembicImporter
LogPluginManager: Mounting plugin AppleImageUtils
LogPluginManager: Mounting plugin AppleVision
LogPluginManager: Mounting plugin BackChannel
LogPluginManager: Mounting plugin CharacterAI
LogPluginManager: Mounting plugin GeometryCache
LogPluginManager: Mounting plugin HTML5Networking
LogPluginManager: Mounting plugin ProxyLODPlugin
LogPluginManager: Mounting plugin MagicLeap
LogPluginManager: Mounting plugin MagicLeapEmulator
LogPluginManager: Mounting plugin MagicLeapMedia
LogPluginManager: Mounting plugin AndroidMedia
LogPluginManager: Mounting plugin AvfMedia
LogPluginManager: Mounting plugin ImgMedia
LogPluginManager: Mounting plugin LinearTimecode
LogPluginManager: Mounting plugin MediaCompositing
LogPluginManager: Mounting plugin MediaPlayerEditor
LogPluginManager: Mounting plugin WmfMedia
LogPluginManager: Mounting plugin TcpMessaging
LogPluginManager: Mounting plugin UdpMessaging
LogPluginManager: Mounting plugin ActorSequence
LogPluginManager: Mounting plugin LevelSequenceEditor
LogPluginManager: Mounting plugin MatineeToLevelSequence
LogPluginManager: Mounting plugin NetcodeUnitTest
LogPluginManager: Mounting plugin NUTUnrealEngine4
LogPluginManager: Mounting plugin OnlineSubsystemGooglePlay
LogPluginManager: Mounting plugin OnlineSubsystemIOS
LogPluginManager: Mounting plugin OnlineSubsystem
LogPluginManager: Mounting plugin OnlineSubsystemNull
LogPluginManager: Mounting plugin OnlineSubsystemUtils
LogPluginManager: Mounting plugin LauncherChunkInstaller
LogPluginManager: Mounting plugin AndroidDeviceProfileSelector
LogPluginManager: Mounting plugin AndroidMoviePlayer
LogPluginManager: Mounting plugin AndroidPermission
LogPluginManager: Mounting plugin AppleMoviePlayer
LogPluginManager: Mounting plugin ArchVisCharacter
LogPluginManager: Mounting plugin AudioCapture
LogPluginManager: Mounting plugin CableComponent
LogPluginManager: Mounting plugin CustomMeshComponent
LogPluginManager: Mounting plugin EditableMesh
LogPluginManager: Mounting plugin ExampleDeviceProfileSelector
LogPluginManager: Mounting plugin GoogleCloudMessaging
LogPluginManager: Mounting plugin ImmediatePhysics
LogPluginManager: Mounting plugin IOSDeviceProfileSelector
LogPluginManager: Mounting plugin LinuxDeviceProfileSelector
LogPluginManager: Mounting plugin LocationServicesBPLibrary
LogPluginManager: Mounting plugin MobilePatchingUtils
LogPluginManager: Mounting plugin OculusVR
LogPluginManager: Plugin shader directory ../../../Engine/Plugins/Runtime/Oculus/OculusVR/Shaders found
LogPluginManager: Mapping shader source directory ../../../Engine/Plugins/Runtime/Oculus/OculusVR/Shaders to virtual directory /Plugin/OculusVR
LogPluginManager: Mounting plugin PhysXVehicles
LogPluginManager: Mounting plugin ProceduralMeshComponent
LogPluginManager: Mounting plugin RuntimePhysXCooking
LogPluginManager: Mounting plugin SteamVR
LogPluginManager: Mounting plugin WindowsMoviePlayer
LogStreaming: Display: Took  0.255s to configure plugins.
LogInit: Using libcurl 7.55.1-DEV
LogInit:  - built for x86_64-pc-win32
LogInit:  - supports SSL with OpenSSL/1.0.2h
LogInit:  - supports HTTP deflate (compression) using libz 1.2.8
LogInit:  - other features:
LogInit:      CURL_VERSION_SSL
LogInit:      CURL_VERSION_LIBZ
LogInit:      CURL_VERSION_IPV6
LogInit:      CURL_VERSION_ASYNCHDNS
LogInit:      CURL_VERSION_LARGEFILE
LogInit:      CURL_VERSION_IDN
LogInit:  CurlRequestOptions (configurable via config and command line):
LogInit:  - bVerifyPeer = false  - Libcurl will NOT verify peer certificate
LogInit:  - bUseHttpProxy = false  - Libcurl will NOT use HTTP proxy
LogInit:  - bDontReuseConnections = false  - Libcurl will reuse connections
LogInit:  - CertBundlePath = nullptr  - Libcurl will use whatever was configured at build time.
LogInit:  - MaxHostConnections = 16  - Libcurl will limit the number of connections to a host
LogInit:  - LocalHostAddr = Default
LogInit:  - BufferSize = 65536
LogInit: WinSock: version 1.1 (2.2), MaxSocks=32767, MaxUdp=65467
LogInit: Build: ++UE4+Release-4.20-CL-4369336
LogInit: Engine Version: 4.20.3-4369336+++UE4+Release-4.20
LogInit: Compatible Engine Version: 4.20.0-4212847+++UE4+Release-4.20
LogInit: Net CL: 4212847
LogInit: OS: Windows 10 (), CPU: Intel(R) Core(TM) i7-7700HQ CPU @ 2.80GHz, GPU: Intel(R) HD Graphics 630
LogInit: Compiled (64-bit): Sep 17 2018 12:26:19
LogInit: Compiled with Visual C++: 19.13.26129.00
LogInit: Build Configuration: Development
LogInit: Branch Name: ++UE4+Release-4.20
LogInit: Command Line:  
LogInit: Base Directory: C:/Program Files/Epic Games/UE_4.20/Engine/Binaries/Win64/
LogInit: Installed Engine Build: 1
LogDevObjectVersion: Number of dev versions registered: 20
LogDevObjectVersion:   Dev-Blueprints (B0D832E4-1F89-4F0D-ACCF-7EB736FD4AA2): 10
LogDevObjectVersion:   Dev-Build (E1C64328-A22C-4D53-A36C-8E866417BD8C): 0
LogDevObjectVersion:   Dev-Core (375EC13C-06E4-48FB-B500-84F0262A717E): 2
LogDevObjectVersion:   Dev-Editor (E4B068ED-F494-42E9-A231-DA0B2E46BB41): 24
LogDevObjectVersion:   Dev-Framework (CFFC743F-43B0-4480-9391-14DF171D2073): 34
LogDevObjectVersion:   Dev-Mobile (B02B49B5-BB20-44E9-A304-32B752E40360): 2
LogDevObjectVersion:   Dev-Networking (A4E4105C-59A1-49B5-A7C5-40C4547EDFEE): 0
LogDevObjectVersion:   Dev-Online (39C831C9-5AE6-47DC-9A44-9C173E1C8E7C): 0
LogDevObjectVersion:   Dev-Physics (78F01B33-EBEA-4F98-B9B4-84EACCB95AA2): 0
LogDevObjectVersion:   Dev-Platform (6631380F-2D4D-43E0-8009-CF276956A95A): 0
LogDevObjectVersion:   Dev-Rendering (12F88B9F-8875-4AFC-A67C-D90C383ABD29): 26
LogDevObjectVersion:   Dev-Sequencer (7B5AE74C-D270-4C10-A958-57980B212A5A): 9
LogDevObjectVersion:   Dev-VR (D7296918-1DD6-4BDD-9DE2-64A83CC13884): 2
LogDevObjectVersion:   Dev-LoadTimes (C2A15278-BFE7-4AFE-6C17-90FF531DF755): 1
LogDevObjectVersion:   Private-Geometry (6EACA3D4-40EC-4CC1-B786-8BED09428FC5): 3
LogDevObjectVersion:   Dev-AnimPhys (29E575DD-E0A3-4627-9D10-D276232CDCEA): 17
LogDevObjectVersion:   Dev-ReflectionCapture (6B266CEC-1EC7-4B8F-A30B-E4D90942FC07): 1
LogDevObjectVersion:   Dev-Automation (0DF73D61-A23F-47EA-B727-89E90C41499A): 1
LogDevObjectVersion:   FortniteMain (601D1886-AC64-4F84-AA16-D3DE0DEAC7D6): 12
LogDevObjectVersion:   Dev-Enterprise (9DFFBCD6-494F-0158-E221-12823C92A888): 1
LogStreaming: Display: Took  0.001s to delete old logs.
LogInit: Presizing for max 8388607 objects, including 0 objects not considered by GC, pre-allocating 0 bytes for permanent pool.
LogInit: Object subsystem initialized
[2019.05.18-09.29.32:334][  0]LogInit: Selected Device Profile: [Windows]
[2019.05.18-09.29.32:334][  0]LogInit: Applying CVar settings loaded from the selected device profile: [Windows]
[2019.05.18-09.29.32:345][  0]LogHAL: Display: Platform has ~ 16 GB [17066790912 / 17179869184 / 16], which maps to Larger [LargestMinGB=32, LargerMinGB=12, DefaultMinGB=8, SmallerMinGB=6, SmallestMinGB=0)
[2019.05.18-09.29.32:346][  0]LogInit: Setting Device Profile CVar: [[r.Vulkan.UseRealUBs:1]]
[2019.05.18-09.29.32:346][  0]LogInit: Going up to parent DeviceProfile []
[2019.05.18-09.29.32:349][  0]LogInit: Computer: LAPTOP-F08R7NP7
[2019.05.18-09.29.32:349][  0]LogInit: User: valen
[2019.05.18-09.29.32:349][  0]LogInit: CPU Page size=4096, Cores=4
[2019.05.18-09.29.32:349][  0]LogInit: High frequency timer resolution =2.742190 MHz
[2019.05.18-09.29.32:349][  0]LogMemory: Memory total: Physical=15.9GB (16GB approx)
[2019.05.18-09.29.32:349][  0]LogMemory: Platform Memory Stats for Windows
[2019.05.18-09.29.32:349][  0]LogMemory: Process Physical Memory: 102.12 MB used, 102.12 MB peak
[2019.05.18-09.29.32:349][  0]LogMemory: Process Virtual Memory: 87.00 MB used, 87.00 MB peak
[2019.05.18-09.29.32:349][  0]LogMemory: Physical Memory: 7071.35 MB used,  9204.81 MB free, 16276.16 MB total
[2019.05.18-09.29.32:349][  0]LogMemory: Virtual Memory: 4622.57 MB used,  9204.81 MB free, 134217728.00 MB total
[2019.05.18-09.29.33:390][  0]LogInit: Using OS detected language (it-IT).
[2019.05.18-09.29.33:390][  0]LogInit: Using OS detected locale (it-IT).
[2019.05.18-09.29.33:394][  0]LogTextLocalizationManager: No specific localization for 'it-IT' exists, so the 'it' localization will be used.
[2019.05.18-09.29.33:401][  0]LogStreaming: Display: Took  0.010s to InitEngineTextLocalization.
[2019.05.18-09.29.33:401][  0]LogInit: Setting process to per monitor DPI aware
[2019.05.18-09.29.33:464][  0]LogSlate: New Slate User Created.  User Index 0, Is Virtual User: 0
[2019.05.18-09.29.33:464][  0]LogSlate: Slate User Registered.  User Index 0, Is Virtual User: 0
[2019.05.18-09.29.33:900][  0]LogHMD: Failed to initialize OpenVR with code 110
[2019.05.18-09.29.33:900][  0]LogD3D11RHI: D3D11 adapters:
[2019.05.18-09.29.33:971][  0]LogD3D11RHI:    0. 'NVIDIA GeForce GTX 1050 Ti' (Feature Level 11_0)
[2019.05.18-09.29.33:971][  0]LogD3D11RHI:       4021/0/8138 MB DedicatedVideo/DedicatedSystem/SharedSystem, Outputs:1, VendorId:0x10de
[2019.05.18-09.29.33:986][  0]LogD3D11RHI:    1. 'Intel(R) HD Graphics 630' (Feature Level 11_0)
[2019.05.18-09.29.33:986][  0]LogD3D11RHI:       128/0/8138 MB DedicatedVideo/DedicatedSystem/SharedSystem, Outputs:0, VendorId:0x8086
[2019.05.18-09.29.33:988][  0]LogD3D11RHI:    2. 'Microsoft Basic Render Driver' (Feature Level 11_0)
[2019.05.18-09.29.33:988][  0]LogD3D11RHI:       0/0/8138 MB DedicatedVideo/DedicatedSystem/SharedSystem, Outputs:0, VendorId:0x1414
[2019.05.18-09.29.33:988][  0]LogD3D11RHI: Chosen D3D11 Adapter: 0
[2019.05.18-09.29.34:016][  0]LogD3D11RHI: Creating new Direct3DDevice
[2019.05.18-09.29.34:016][  0]LogD3D11RHI:     GPU DeviceId: 0x1c8c (for the marketing name, search the web for "GPU Device Id")
[2019.05.18-09.29.34:016][  0]LogWindows: EnumDisplayDevices:
[2019.05.18-09.29.34:017][  0]LogWindows:    0. 'Intel(R) HD Graphics 630' (P:1 D:1)
[2019.05.18-09.29.34:017][  0]LogWindows:    1. 'Intel(R) HD Graphics 630' (P:0 D:0)
[2019.05.18-09.29.34:017][  0]LogWindows:    2. 'Intel(R) HD Graphics 630' (P:0 D:0)
[2019.05.18-09.29.34:018][  0]LogWindows: DebugString: PrimaryIsNotTheChoosenAdapter PrimaryIsNotTheChoosenAdapter PrimaryIsNotTheChoosenAdapter FoundDriverCount:0 
[2019.05.18-09.29.34:018][  0]LogD3D11RHI:     Adapter Name: NVIDIA GeForce GTX 1050 Ti
[2019.05.18-09.29.34:018][  0]LogD3D11RHI:   Driver Version: Unknown (internal:Unknown, unified:Unknown)
[2019.05.18-09.29.34:018][  0]LogD3D11RHI:      Driver Date: Unknown
[2019.05.18-09.29.34:018][  0]LogRHI: Texture pool is 2814 MB (70% of 4021 MB)
[2019.05.18-09.29.34:056][  0]LogD3D11RHI: Async texture creation enabled
[2019.05.18-09.29.34:082][  0]LogD3D11RHI: GPU Timing Frequency: 1000.000000 (Debug: 2 2)
[2019.05.18-09.29.34:084][  0]LogShaderCompilers: Guid format shader working directory is 18 characters bigger than the processId version (D:/Unreal Engine 4/SpellEmUp/Intermediate/Shaders/WorkingDirectory/6188/).
[2019.05.18-09.29.34:085][  0]LogShaderCompilers: Cleaned the shader compiler working directory 'C:/Users/valen/AppData/Local/Temp/UnrealShaderWorkingDir/0494E6AC4D92772F2B7BCD9DCB7217FE/'.
[2019.05.18-09.29.34:448][  0]LogTemp: Display: Loaded TP AllDesktopTargetPlatform
[2019.05.18-09.29.34:469][  0]LogTemp: Display: Loaded TP MacClientTargetPlatform
[2019.05.18-09.29.34:490][  0]LogTemp: Display: Loaded TP MacNoEditorTargetPlatform
[2019.05.18-09.29.34:511][  0]LogTemp: Display: Loaded TP MacServerTargetPlatform
[2019.05.18-09.29.34:535][  0]LogTemp: Display: Loaded TP MacTargetPlatform
[2019.05.18-09.29.34:557][  0]LogTemp: Display: Loaded TP WindowsClientTargetPlatform
[2019.05.18-09.29.34:578][  0]LogTemp: Display: Loaded TP WindowsNoEditorTargetPlatform
[2019.05.18-09.29.34:598][  0]LogTemp: Display: Loaded TP WindowsServerTargetPlatform
[2019.05.18-09.29.34:613][  0]LogTemp: Display: Loaded TP WindowsTargetPlatform
[2019.05.18-09.29.34:703][  0]LogTemp: Display: Loaded TP AndroidTargetPlatform
[2019.05.18-09.29.34:704][  0]LogTemp: Display: Loaded TP AndroidTargetPlatform
[2019.05.18-09.29.34:704][  0]LogTemp: Display: Loaded TP AndroidTargetPlatform
[2019.05.18-09.29.34:704][  0]LogTemp: Display: Loaded TP AndroidTargetPlatform
[2019.05.18-09.29.34:704][  0]LogTemp: Display: Loaded TP AndroidTargetPlatform
[2019.05.18-09.29.34:704][  0]LogTemp: Display: Loaded TP AndroidTargetPlatform
[2019.05.18-09.29.34:704][  0]LogTemp: Display: Loaded TP AndroidTargetPlatform
[2019.05.18-09.29.34:704][  0]LogTemp: Display: Loaded TP AndroidTargetPlatform
[2019.05.18-09.29.34:704][  0]LogTemp: Display: Loaded TP AndroidTargetPlatform
[2019.05.18-09.29.34:704][  0]LogTemp: Display: Loaded TP AndroidTargetPlatform
[2019.05.18-09.29.34:704][  0]LogTemp: Display: Loaded TP AndroidTargetPlatform
[2019.05.18-09.29.34:704][  0]LogTemp: Display: Loaded TP AndroidTargetPlatform
[2019.05.18-09.29.34:704][  0]LogTemp: Display: Loaded TP AndroidTargetPlatform
[2019.05.18-09.29.34:704][  0]LogTemp: Display: Loaded TP AndroidTargetPlatform
[2019.05.18-09.29.34:704][  0]LogTemp: Display: Loaded TP AndroidTargetPlatform
[2019.05.18-09.29.34:704][  0]LogTemp: Display: Loaded TP AndroidTargetPlatform
[2019.05.18-09.29.34:704][  0]LogTemp: Display: Loaded TP AndroidTargetPlatform
[2019.05.18-09.29.34:704][  0]LogTemp: Display: Loaded TP AndroidTargetPlatform
[2019.05.18-09.29.34:714][  0]LogTemp: Display: Loaded TP HTML5TargetPlatform
[2019.05.18-09.29.34:798][  0]LogTemp: Display: Loaded TP IOSTargetPlatform
[2019.05.18-09.29.34:798][  0]LogTemp: Display: Loaded TP IOSTargetPlatform
[2019.05.18-09.29.34:849][  0]LogTemp: Display: Loaded TP TVOSTargetPlatform
[2019.05.18-09.29.34:849][  0]LogTemp: Display: Loaded TP TVOSTargetPlatform
[2019.05.18-09.29.34:870][  0]LogTemp: Display: Loaded TP LinuxClientTargetPlatform
[2019.05.18-09.29.34:892][  0]LogTemp: Display: Loaded TP LinuxNoEditorTargetPlatform
[2019.05.18-09.29.34:912][  0]LogTemp: Display: Loaded TP LinuxServerTargetPlatform
[2019.05.18-09.29.34:936][  0]LogTemp: Display: Loaded TP LinuxTargetPlatform
[2019.05.18-09.29.34:955][  0]LogTemp: Display: Loaded TP LuminTargetPlatform
[2019.05.18-09.29.34:955][  0]LogTargetPlatformManager: Display: Building Assets For Windows
[2019.05.18-09.29.35:290][  0]LogXGEController: Cleaning working directory: C:/Users/valen/AppData/Local/Temp/UnrealXGEWorkingDir/
[2019.05.18-09.29.35:290][  0]LogXGEController: Cannot use XGE Controller as Incredibuild is not installed on this machine.
[2019.05.18-09.29.35:290][  0]LogShaderCompilers: Cannot use XGE Shader Compiler as Incredibuild is not installed on this machine.
[2019.05.18-09.29.35:290][  0]LogShaderCompilers: Display: Using Local Shader Compiler.
[2019.05.18-09.29.36:348][  0]LogDerivedDataCache: Display: Max Cache Size: 512 MB
[2019.05.18-09.29.37:121][  0]LogDerivedDataCache: Loaded boot cache 0.77s 71MB C:/Users/valen/AppData/Local/UnrealEngine/4.20/DerivedDataCache/Boot.ddc.
[2019.05.18-09.29.37:121][  0]LogDerivedDataCache: Display: Loaded Boot cache: C:/Users/valen/AppData/Local/UnrealEngine/4.20/DerivedDataCache/Boot.ddc
[2019.05.18-09.29.37:121][  0]LogDerivedDataCache: FDerivedDataBackendGraph:  Pak pak cache file D:/Unreal Engine 4/SpellEmUp/DerivedDataCache/DDC.ddp not found, will not use a pak cache.
[2019.05.18-09.29.37:121][  0]LogDerivedDataCache: Unable to find inner node Pak for hierarchical cache Hierarchy.
[2019.05.18-09.29.37:121][  0]LogDerivedDataCache: FDerivedDataBackendGraph:  CompressedPak pak cache file D:/Unreal Engine 4/SpellEmUp/DerivedDataCache/Compressed.ddp not found, will not use a pak cache.
[2019.05.18-09.29.37:121][  0]LogDerivedDataCache: Unable to find inner node CompressedPak for hierarchical cache Hierarchy.
[2019.05.18-09.29.37:142][  0]LogDerivedDataCache: Display: Pak cache opened for reading ../../../Engine/DerivedDataCache/Compressed.ddp.
[2019.05.18-09.29.37:156][  0]LogDerivedDataCache: Using Local data cache path C:/Users/valen/AppData/Local/UnrealEngine/Common/DerivedDataCache: Writable
[2019.05.18-09.29.37:156][  0]LogDerivedDataCache: Shared data cache path not found in *engine.ini, will not use an Shared cache.
[2019.05.18-09.29.37:156][  0]LogDerivedDataCache: Unable to find inner node Shared for hierarchical cache Hierarchy.
[2019.05.18-09.29.37:175][  0]LogMaterial: Verifying Global Shaders for PCD3D_SM5
[2019.05.18-09.29.37:184][  0]LogSlate: Using FreeType 2.6.0
[2019.05.18-09.29.37:187][  0]LogSlate: SlateFontServices - WITH_FREETYPE: 1, WITH_HARFBUZZ: 1
[2019.05.18-09.29.37:357][  0]LogAssetRegistry: FAssetRegistry took 0.0284 seconds to start up
[2019.05.18-09.29.37:745][  0]LogInit: Selected Device Profile: [Windows]
[2019.05.18-09.29.38:101][  0]LogSimplygon: Simplygon DLL not present - disabling.
[2019.05.18-09.29.38:143][  0]LogMeshReduction: Using SimplygonSwarm for distributed automatic mesh merging
[2019.05.18-09.29.38:143][  0]LogMeshReduction: Using ProxyLODMeshReduction for automatic mesh merging
[2019.05.18-09.29.38:143][  0]LogMeshReduction: Using QuadricMeshReduction for automatic static mesh reduction
[2019.05.18-09.29.38:143][  0]LogMeshReduction: No automatic skeletal mesh reduction module available
[2019.05.18-09.29.38:185][  0]LogNetVersion: Movement2_5D 1.0.0, NetCL: 4212847, EngineNetVer: 5, GameNetVer: 0 (Checksum: 394905183)
[2019.05.18-09.29.39:143][  0]LogPackageLocalizationCache: Processed 11 localized package path(s) for 2 prioritized culture(s) in 0.137659 seconds
[2019.05.18-09.29.39:155][  0]LogUObjectArray: 38425 objects as part of root set at end of initial load.
[2019.05.18-09.29.39:155][  0]LogUObjectAllocator: 6690864 out of 0 bytes used by permanent object pool.
[2019.05.18-09.29.39:155][  0]LogUObjectArray: CloseDisregardForGC: 0/0 objects in disregard for GC pool
[2019.05.18-09.29.41:215][  0]LogTcpMessaging: Initializing TcpMessaging bridge
[2019.05.18-09.29.41:236][  0]LogUdpMessaging: Initializing bridge on interface 0.0.0.0:0 to multicast group 230.0.0.1:6666.
[2019.05.18-09.29.41:642][  0]SourceControl: Source control is disabled
[2019.05.18-09.29.41:642][  0]SourceControl: Source control is disabled
[2019.05.18-09.29.41:672][  0]SourceControl: Source control is disabled
[2019.05.18-09.29.41:683][  0]SourceControl: Source control is disabled
[2019.05.18-09.29.42:262][  0]LogAndroidPermission: UAndroidPermissionCallbackProxy::GetInstance
[2019.05.18-09.29.42:370][  0]LogOcInput: OculusInput pre-init called
[2019.05.18-09.29.42:517][  0]LogEngine: Initializing Engine...
[2019.05.18-09.29.42:519][  0]LogHMD: Failed to initialize OpenVR with code 110
[2019.05.18-09.29.42:521][  0]LogStats: UGameplayTagsManager::ConstructGameplayTagTree: ImportINI prefixes -  0.000 s
[2019.05.18-09.29.42:521][  0]LogStats: UGameplayTagsManager::ConstructGameplayTagTree: Construct from data asset -  0.000 s
[2019.05.18-09.29.42:521][  0]LogStats: UGameplayTagsManager::ConstructGameplayTagTree: ImportINI -  0.000 s
[2019.05.18-09.29.42:521][  0]LogStats: UGameplayTagsManager::ConstructGameplayTagTree: GameplayTagTreeChangedEvent.Broadcast -  0.000 s
[2019.05.18-09.29.42:772][  0]LogInit: Initializing FReadOnlyCVARCache
[2019.05.18-09.29.42:818][  0]LogAIModule: Creating AISystem for world Untitled
[2019.05.18-09.29.42:843][  0]LogInit: XAudio2 using 'Speakers (Realtek High Definition Audio)' : 2 channels at 48 kHz using 32 bits per sample (channel mask 0x3)
[2019.05.18-09.29.42:903][  0]LogInit: FAudioDevice initialized.
[2019.05.18-09.29.42:904][  0]LogNetVersion: Set ProjectVersion to 1.0.0.0. Version Checksum will be recalculated on next use.
[2019.05.18-09.29.43:036][  0]LogDerivedDataCache: Saved boot cache 0.13s 71MB C:/Users/valen/AppData/Local/UnrealEngine/4.20/DerivedDataCache/Boot.ddc.
[2019.05.18-09.29.43:036][  0]LogInit: Texture streaming: Enabled
[2019.05.18-09.29.43:082][  0]LogEngineSessionManager: EngineSessionManager initialized
[2019.05.18-09.29.43:106][  0]LogInit: Transaction tracking system initialized
[2019.05.18-09.29.43:183][  0]BlueprintLog: New page: Editor Load
[2019.05.18-09.29.43:548][  0]LocalizationService: Localization service is disabled
[2019.05.18-09.29.43:749][  0]LogLinker: Warning: Can't find file '/Game/FirstPersonBP/FirstPersonOverview'
[2019.05.18-09.29.43:749][  0]LogLinker: Warning: Can't find file '/Game/FirstPersonBP/FirstPersonOverview'
[2019.05.18-09.29.43:749][  0]LogUObjectGlobals: Warning: Failed to find object 'Class /Game/FirstPersonBP/FirstPersonOverview.FirstPersonOverview_C'
[2019.05.18-09.29.44:212][  0]LogCook: Display: Max memory allowance for cook 16384mb min free memory 0mb
[2019.05.18-09.29.44:213][  0]LogCook: Display: Mobile HDR setting 1
[2019.05.18-09.29.44:213][  0]LogGameplayTags: Display: UGameplayTagsManager::DoneAddingNativeTags. DelegateIsBound: 0
[2019.05.18-09.29.44:213][  0]LogStats: UGameplayTagsManager::ConstructGameplayTagTree: ImportINI prefixes -  0.000 s
[2019.05.18-09.29.44:213][  0]LogStats: UGameplayTagsManager::ConstructGameplayTagTree: Construct from data asset -  0.000 s
[2019.05.18-09.29.44:213][  0]LogStats: UGameplayTagsManager::ConstructGameplayTagTree: ImportINI -  0.000 s
[2019.05.18-09.29.44:213][  0]LogStats: UGameplayTagsManager::ConstructGameplayTagTree: GameplayTagTreeChangedEvent.Broadcast -  0.000 s
[2019.05.18-09.29.44:627][  0]LogFileCache: Scanning file cache for directory 'D:/Unreal Engine 4/SpellEmUp/Content/' took 0.03s
[2019.05.18-09.29.44:627][  0]SourceControl: Source control is disabled
[2019.05.18-09.29.44:628][  0]Cmd: MAP LOAD FILE="D:/Unreal Engine 4/SpellEmUp/Content/Maps/TestMap.umap" TEMPLATE=0 SHOWPROGRESS=1 FEATURELEVEL=3
[2019.05.18-09.29.44:722][  0]LightingResults: New page: Lighting Build
[2019.05.18-09.29.44:742][  0]MapCheck: New page: Map Check
[2019.05.18-09.29.44:742][  0]LightingResults: New page: Lighting Build
[2019.05.18-09.29.47:011][  0]LogAIModule: Creating AISystem for world TestMap
[2019.05.18-09.29.47:031][  0]LogEditorServer: Finished looking for orphan Actors (0.000 secs)
[2019.05.18-09.29.47:061][  0]Cmd: MAP CHECKDEP NOCLEARLOG
[2019.05.18-09.29.47:225][  0]MapCheck: Map check complete: 0 Error(s), 0 Warning(s), took 164,369ms to complete.
[2019.05.18-09.29.47:225][  0]LogFileHelpers: Loading map 'TestMap' took 2.597
[2019.05.18-09.29.47:382][  0]LogSlate: Updating window title bar state: overlay mode, drag disabled, window buttons hidden, title bar hidden
[2019.05.18-09.29.47:395][  0]LogSlate: Updating window title bar state: overlay mode, drag disabled, window buttons hidden, title bar hidden
[2019.05.18-09.29.47:404][  0]LogSlate: Updating window title bar state: overlay mode, drag disabled, window buttons hidden, title bar hidden
[2019.05.18-09.29.47:411][  0]LogSlate: Updating window title bar state: overlay mode, drag disabled, window buttons hidden, title bar hidden
[2019.05.18-09.29.47:440][  0]LogCollectionManager: Loaded 0 collections in 0.002935 seconds
[2019.05.18-09.29.47:500][  0]LogFileCache: Scanning file cache for directory 'D:/Unreal Engine 4/SpellEmUp/Saved/Collections/' took 0.01s
[2019.05.18-09.29.47:500][  0]LogFileCache: Scanning file cache for directory 'D:/Unreal Engine 4/SpellEmUp/Content/Developers/valen/Collections/' took 0.01s
[2019.05.18-09.29.47:500][  0]LogFileCache: Scanning file cache for directory 'D:/Unreal Engine 4/SpellEmUp/Content/Collections/' took 0.01s
[2019.05.18-09.29.47:500][  0]LogCollectionManager: Rebuilt the GUID cache for 0 collections in 0.000000 seconds
[2019.05.18-09.29.47:513][  0]LogContentBrowser: Native class hierarchy populated in 0.0110 seconds. Added 2572 classes and 603 folders.
[2019.05.18-09.29.47:529][  0]LogContentBrowser: Native class hierarchy updated for 'WidgetCarousel' in 0.0004 seconds. Added 0 classes and 0 folders.
[2019.05.18-09.29.47:701][  0]LogContentBrowser: Native class hierarchy updated for 'AddContentDialog' in 0.0003 seconds. Added 0 classes and 0 folders.
[2019.05.18-09.29.47:729][  0]LogContentBrowser: Native class hierarchy updated for 'SceneOutliner' in 0.0004 seconds. Added 1 classes and 2 folders.
[2019.05.18-09.29.47:897][  0]LogSlate: Took 0.001287 seconds to synchronously load lazily loaded font '../../../Engine/Content/Slate/Fonts/Roboto-Regular.ttf' (155K)
[2019.05.18-09.29.47:901][  0]LogSlate: Took 0.001764 seconds to synchronously load lazily loaded font '../../../Engine/Content/Slate/Fonts/Roboto-Bold.ttf' (160K)
[2019.05.18-09.29.47:914][  0]LogSlate: Took 0.001513 seconds to synchronously load lazily loaded font '../../../Engine/Content/Editor/Slate/Fonts/FontAwesome.ttf' (139K)
[2019.05.18-09.29.48:011][  0]LogRenderer: Reallocating scene render targets to support 984x448 Format 10 NumSamples 1 (Frame:1).
[2019.05.18-09.29.48:083][  0]LogSlate: Took 0.002794 seconds to synchronously load lazily loaded font '../../../Engine/Content/Slate/Fonts/Roboto-Light.ttf' (167K)
[2019.05.18-09.29.48:230][  0]LogContentBrowser: Native class hierarchy updated for 'HierarchicalLODOutliner' in 0.0004 seconds. Added 0 classes and 0 folders.
[2019.05.18-09.29.48:230][  0]LogLoad: (Engine Initialization) Total time: 21.19 seconds
[2019.05.18-09.29.48:230][  0]LogLoad: (Engine Initialization) Total Blueprint compile time: 0.00 seconds
[2019.05.18-09.29.48:249][  0]LogWindowsTextInputMethodSystem: Display: IME system now deactivated.
[2019.05.18-09.29.48:276][  0]LogContentStreaming: Texture pool size now 1000 MB
[2019.05.18-09.29.48:316][  1]LogAssetRegistry: Asset discovery search completed in 10.9821 seconds
[2019.05.18-09.29.48:318][  1]LogCollectionManager: Rebuilt the object cache for 0 collections in 0.000000 seconds (found 0 objects)
[2019.05.18-09.29.48:318][  1]LogCollectionManager: Fixed up redirectors for 0 collections in 0.000082 seconds (updated 0 objects)
[2019.05.18-09.29.59:517][665]LogSlate: FSceneViewport::OnFocusLost() reason 0
[2019.05.18-09.30.55:897][558]LogSlate: Took 0.000694 seconds to synchronously load lazily loaded font '../../../Engine/Content/Slate/Fonts/Roboto-Light.ttf' (167K)
[2019.05.18-09.30.55:922][558]LogFactory: FactoryCreateFile: Texture with ReimportTextureFactory (0 0 D:\Concept Art 3\Spell\Enemy 1.png)
[2019.05.18-09.30.55:934][558]LogTexture: Display: Building textures: Enemy_1 (BGRA8, 426X858)
[2019.05.18-09.31.28:158][252]LogAssetEditorManager: Opening Asset editor for Blueprint /Game/Blueprints/Enemies/Fodder/FodderEnemy_BP.FodderEnemy_BP
[2019.05.18-09.31.28:811][252]LogContentBrowser: Native class hierarchy updated for 'BlueprintGraph' in 0.0015 seconds. Added 116 classes and 0 folders.
[2019.05.18-09.31.29:631][252]LogSlate: Took 0.001674 seconds to synchronously load lazily loaded font '../../../Engine/Content/Slate/Fonts/Roboto-BoldCondensed.ttf' (158K)
[2019.05.18-09.31.29:722][253]LogSlate: Took 0.001839 seconds to synchronously load lazily loaded font '../../../Engine/Content/Slate/Fonts/Roboto-Italic.ttf' (157K)
[2019.05.18-09.31.31:407][352]LogRenderer: Reallocating scene render targets to support 984x636 Format 10 NumSamples 1 (Frame:1).
[2019.05.18-09.31.45:914][222]LogSlate: FSceneViewport::OnFocusLost() reason 0
[2019.05.18-09.32.40:932][501]LogAssetEditorManager: Opening Asset editor for PaperFlipbook /Game/Blueprints/Enemies/Fodder/Sprites/Test.Test
[2019.05.18-09.32.44:255][690]LogSlate: Window 'Test' being destroyed
[2019.05.18-09.32.44:264][690]LogSlate: Window 'Test' being destroyed
[2019.05.18-09.33.18:572][740]Cmd: TRANSACTION UNDO
[2019.05.18-09.33.18:572][740]LogEditorTransaction: Undo Edit Source Flipbook
[2019.05.18-09.33.18:586][740]LogActorComponent: ~FComponentReregisterContext: (/Engine/Transient.World_1:PersistentLevel.FodderEnemy_BP_C_0.CollisionCylinder) Component already registered.
[2019.05.18-09.33.18:588][740]LogActorComponent: ~FComponentReregisterContext: (/Game/Maps/TestMap.TestMap:PersistentLevel.Fodder11_31.Arrow) Component already registered.
[2019.05.18-09.33.18:589][740]LogActorComponent: ~FComponentReregisterContext: (/Game/Maps/TestMap.TestMap:PersistentLevel.Fodder11_31.CharMoveComp) Component already registered.
[2019.05.18-09.33.18:590][740]LogActorComponent: ~FComponentReregisterContext: (/Engine/Transient.World_1:PersistentLevel.FodderEnemy_BP_C_0.Arrow) Component already registered.
[2019.05.18-09.33.27:662][148]LogSlate: Window 'Delete Assets' being destroyed
[2019.05.18-09.33.41:026][926]LogSlate: Window 'Extract sprites' being destroyed
[2019.05.18-09.33.55:418][679]LogSlate: Window 'Delete Assets' being destroyed
[2019.05.18-09.35.02:717][623]LogSlate: Window 'Save Content' being destroyed
[2019.05.18-09.35.02:764][623]Cmd: OBJ SAVEPACKAGE PACKAGE="/Game/Blueprints/Enemies/Fodder/FodderEnemy_BP" FILE="D:/Unreal Engine 4/SpellEmUp/Content/Blueprints/Enemies/Fodder/FodderEnemy_BP.uasset" SILENT=true
[2019.05.18-09.35.02:932][623]LogSavePackage: Moving 'D:/Unreal Engine 4/SpellEmUp/Saved/FodderEnemy_BP63205D494D65D47EC02DFDBF7BF14C24.tmp' to 'D:/Unreal Engine 4/SpellEmUp/Content/Blueprints/Enemies/Fodder/FodderEnemy_BP.uasset'
[2019.05.18-09.35.03:119][623]Cmd: OBJ SAVEPACKAGE PACKAGE="/Game/Maps/TestMap" FILE="D:/Unreal Engine 4/SpellEmUp/Content/Maps/TestMap.umap" SILENT=true AUTOSAVING=false KEEPDIRTY=false
[2019.05.18-09.35.03:338][623]LogSavePackage: Moving 'D:/Unreal Engine 4/SpellEmUp/Saved/TestMap5D1F56C648626B2DC2D64CA6196B1CAE.tmp' to 'D:/Unreal Engine 4/SpellEmUp/Content/Maps/TestMap.umap'
[2019.05.18-09.35.03:390][623]LogFileHelpers: Saving map 'TestMap' took 0.448
[2019.05.18-09.35.03:398][623]Cmd: OBJ SAVEPACKAGE PACKAGE="/Game/Sprites/Sprites/Enemy_1" FILE="D:/Unreal Engine 4/SpellEmUp/Content/Sprites/Sprites/Enemy_1.uasset" SILENT=true
[2019.05.18-09.35.03:432][623]LogSavePackage: Moving 'D:/Unreal Engine 4/SpellEmUp/Saved/Enemy_146BC70BF4432BC7911A6B19CAB21CC26.tmp' to 'D:/Unreal Engine 4/SpellEmUp/Content/Sprites/Sprites/Enemy_1.uasset'
[2019.05.18-09.35.03:451][623]Cmd: OBJ SAVEPACKAGE PACKAGE="/Game/Sprites/Sprites/Enemy_1_Sprite_3" FILE="D:/Unreal Engine 4/SpellEmUp/Content/Sprites/Sprites/Enemy_1_Sprite_3.uasset" SILENT=true
[2019.05.18-09.35.03:459][623]LogSavePackage: Moving 'D:/Unreal Engine 4/SpellEmUp/Saved/Enemy_1_Sprite_30A278CE5449F87EACD9522A54E651ECC.tmp' to 'D:/Unreal Engine 4/SpellEmUp/Content/Sprites/Sprites/Enemy_1_Sprite_3.uasset'
[2019.05.18-09.35.03:475][623]Cmd: OBJ SAVEPACKAGE PACKAGE="/Game/Sprites/Sprites/Enemy_Test" FILE="D:/Unreal Engine 4/SpellEmUp/Content/Sprites/Sprites/Enemy_Test.uasset" SILENT=true
[2019.05.18-09.35.03:483][623]LogSavePackage: Moving 'D:/Unreal Engine 4/SpellEmUp/Saved/Enemy_Test820F34E943F5993FCE668BB2E4AB6F20.tmp' to 'D:/Unreal Engine 4/SpellEmUp/Content/Sprites/Sprites/Enemy_Test.uasset'
[2019.05.18-09.35.13:927][247]BlueprintLog: New page: Compile FodderEnemy_BP
[2019.05.18-09.35.17:242][434]LogEditorViewport: Clicking on Actor (LMB): FodderEnemy_BP_C (Fodder11)
[2019.05.18-09.35.27:571][ 50]LogSlate: FSceneViewport::OnFocusLost() reason 0
[2019.05.18-09.35.34:821][482]LogSlate: FSceneViewport::OnFocusLost() reason 0
[2019.05.18-09.35.50:106][399]LogEditorTransaction: Undo Set Scale
[2019.05.18-09.35.50:116][399]LogActorComponent: ~FComponentReregisterContext: (/Engine/Transient.World_1:PersistentLevel.FodderEnemy_BP_C_0.CollisionCylinder) Component already registered.
[2019.05.18-09.35.50:117][399]LogActorComponent: ~FComponentReregisterContext: (/Game/Maps/TestMap.TestMap:PersistentLevel.Fodder11_31.Arrow) Component already registered.
[2019.05.18-09.35.50:117][399]LogActorComponent: ~FComponentReregisterContext: (/Game/Maps/TestMap.TestMap:PersistentLevel.Fodder11_31.CharMoveComp) Component already registered.
[2019.05.18-09.35.50:118][399]LogActorComponent: ~FComponentReregisterContext: (/Engine/Transient.World_1:PersistentLevel.FodderEnemy_BP_C_0.Arrow) Component already registered.
[2019.05.18-09.35.51:194][399]LogStats: FPlatformStackWalk::StackWalkAndDump -  1.074 s
[2019.05.18-09.35.51:194][399]LogOutputDevice: Error: === Handled ensure: ===
[2019.05.18-09.35.51:194][399]LogOutputDevice: Error: 
[2019.05.18-09.35.51:194][399]LogOutputDevice: Error: Ensure condition failed: !GIsTransacting [File:D:\Build\++UE4\Sync\Engine\Source\Editor\UnrealEd\Classes\Editor/TransBuffer.h] [Line: 72]
[2019.05.18-09.35.51:194][399]LogOutputDevice: Error: 
[2019.05.18-09.35.51:194][399]LogOutputDevice: Error: Stack: 
[2019.05.18-09.35.51:194][399]LogOutputDevice: Error: [Callstack] 0x00007ff9f48971f6 UE4Editor-Core.dll!UnknownFunction []
[2019.05.18-09.35.51:194][399]LogOutputDevice: Error: [Callstack] 0x00007ff9f45d0c92 UE4Editor-Core.dll!UnknownFunction []
[2019.05.18-09.35.51:194][399]LogOutputDevice: Error: [Callstack] 0x00007ff9f45eb356 UE4Editor-Core.dll!UnknownFunction []
[2019.05.18-09.35.51:194][399]LogOutputDevice: Error: [Callstack] 0x00007ff9e3fbeedf UE4Editor-UnrealEd.dll!UnknownFunction []
[2019.05.18-09.35.51:194][399]LogOutputDevice: Error: [Callstack] 0x00007ff9e3f64514 UE4Editor-UnrealEd.dll!UnknownFunction []
[2019.05.18-09.35.51:194][399]LogOutputDevice: Error: [Callstack] 0x00007ff9dc8b41a9 UE4Editor-DetailCustomizations.dll!UnknownFunction []
[2019.05.18-09.35.51:194][399]LogOutputDevice: Error: [Callstack] 0x00007ff9dc8b4ee5 UE4Editor-DetailCustomizations.dll!UnknownFunction []
[2019.05.18-09.35.51:194][399]LogOutputDevice: Error: [Callstack] 0x00007ff9dc861a51 UE4Editor-DetailCustomizations.dll!UnknownFunction []
[2019.05.18-09.35.51:194][399]LogOutputDevice: Error: [Callstack] 0x00007ff9e905d0d2 UE4Editor-Slate.dll!UnknownFunction []
[2019.05.18-09.35.51:194][399]LogOutputDevice: Error: [Callstack] 0x00007ff9e9023f79 UE4Editor-Slate.dll!UnknownFunction []
[2019.05.18-09.35.51:194][399]LogOutputDevice: Error: [Callstack] 0x00007ff9e90c6a2e UE4Editor-Slate.dll!UnknownFunction []
[2019.05.18-09.35.51:194][399]LogOutputDevice: Error: [Callstack] 0x00007ff9e8ed93b0 UE4Editor-Slate.dll!UnknownFunction []
[2019.05.18-09.35.51:195][399]LogOutputDevice: Error: [Callstack] 0x00007ff9e8e71444 UE4Editor-Slate.dll!UnknownFunction []
[2019.05.18-09.35.51:195][399]LogOutputDevice: Error: [Callstack] 0x00007ff9e2c30014 UE4Editor-Kismet.dll!UnknownFunction []
[2019.05.18-09.35.51:195][399]LogOutputDevice: Error: [Callstack] 0x00007ff9e28a8d70 UE4Editor-Kismet.dll!UnknownFunction []
[2019.05.18-09.35.51:195][399]LogOutputDevice: Error: [Callstack] 0x00007ff9e283f869 UE4Editor-Kismet.dll!UnknownFunction []
[2019.05.18-09.35.51:195][399]LogOutputDevice: Error: [Callstack] 0x00007ff9e2c34833 UE4Editor-Kismet.dll!UnknownFunction []
[2019.05.18-09.35.51:195][399]LogOutputDevice: Error: [Callstack] 0x00007ff9e2c1b550 UE4Editor-Kismet.dll!UnknownFunction []
[2019.05.18-09.35.51:195][399]LogOutputDevice: Error: [Callstack] 0x00007ff9e2bcb524 UE4Editor-Kismet.dll!UnknownFunction []
[2019.05.18-09.35.51:195][399]LogOutputDevice: Error: [Callstack] 0x00007ff9e2c20f0a UE4Editor-Kismet.dll!UnknownFunction []
[2019.05.18-09.35.51:195][399]LogOutputDevice: Error: [Callstack] 0x00007ff9e27db41b UE4Editor-Kismet.dll!UnknownFunction []
[2019.05.18-09.35.51:195][399]LogOutputDevice: Error: [Callstack] 0x00007ff9e286843e UE4Editor-Kismet.dll!UnknownFunction []
[2019.05.18-09.35.51:195][399]LogOutputDevice: Error: [Callstack] 0x00007ff9e28b5d9d UE4Editor-Kismet.dll!UnknownFunction []
[2019.05.18-09.35.51:195][399]LogOutputDevice: Error: [Callstack] 0x00007ff9e3f64dc6 UE4Editor-UnrealEd.dll!UnknownFunction []
[2019.05.18-09.35.51:195][399]LogOutputDevice: Error: [Callstack] 0x00007ff9e3f901fb UE4Editor-UnrealEd.dll!UnknownFunction []
[2019.05.18-09.35.51:195][399]LogOutputDevice: Error: [Callstack] 0x00007ff9e3f76535 UE4Editor-UnrealEd.dll!UnknownFunction []
[2019.05.18-09.35.51:195][399]LogOutputDevice: Error: [Callstack] 0x00007ff9e3fe2dc5 UE4Editor-UnrealEd.dll!UnknownFunction []
[2019.05.18-09.35.51:195][399]LogOutputDevice: Error: [Callstack] 0x00007ff9e4029b6d UE4Editor-UnrealEd.dll!UnknownFunction []
[2019.05.18-09.35.51:195][399]LogOutputDevice: Error: [Callstack] 0x00007ff9e3fbc81f UE4Editor-UnrealEd.dll!UnknownFunction []
[2019.05.18-09.35.51:195][399]LogOutputDevice: Error: [Callstack] 0x00007ff9e28405b8 UE4Editor-Kismet.dll!UnknownFunction []
[2019.05.18-09.35.51:195][399]LogOutputDevice: Error: [Callstack] 0x00007ff9e8e724df UE4Editor-Slate.dll!UnknownFunction []
[2019.05.18-09.35.51:195][399]LogOutputDevice: Error: [Callstack] 0x00007ff9e8eb437e UE4Editor-Slate.dll!UnknownFunction []
[2019.05.18-09.35.51:195][399]LogOutputDevice: Error: [Callstack] 0x00007ff9e4813a8e UE4Editor-UnrealEd.dll!UnknownFunction []
[2019.05.18-09.35.51:196][399]LogOutputDevice: Error: [Callstack] 0x00007ff9e4801a08 UE4Editor-UnrealEd.dll!UnknownFunction []
[2019.05.18-09.35.51:196][399]LogOutputDevice: Error: [Callstack] 0x00007ff9e8e370ac UE4Editor-Slate.dll!UnknownFunction []
[2019.05.18-09.35.51:196][399]LogOutputDevice: Error: [Callstack] 0x00007ff9e8eb606c UE4Editor-Slate.dll!UnknownFunction []
[2019.05.18-09.35.51:196][399]LogOutputDevice: Error: [Callstack] 0x00007ff9e8ea9846 UE4Editor-Slate.dll!UnknownFunction []
[2019.05.18-09.35.51:196][399]LogOutputDevice: Error: [Callstack] 0x00007ffa2579ce45 UE4Editor-ApplicationCore.dll!UnknownFunction []
[2019.05.18-09.35.51:196][399]LogOutputDevice: Error: [Callstack] 0x00007ffa25790270 UE4Editor-ApplicationCore.dll!UnknownFunction []
[2019.05.18-09.35.51:196][399]LogOutputDevice: Error: [Callstack] 0x00007ffa2579f4c5 UE4Editor-ApplicationCore.dll!UnknownFunction []
[2019.05.18-09.35.51:196][399]LogOutputDevice: Error: [Callstack] 0x00007ffa2578c209 UE4Editor-ApplicationCore.dll!UnknownFunction []
[2019.05.18-09.35.51:196][399]LogOutputDevice: Error: [Callstack] 0x00007ffa663c6d41 USER32.dll!UnknownFunction []
[2019.05.18-09.35.51:196][399]LogOutputDevice: Error: [Callstack] 0x00007ffa663c6713 USER32.dll!UnknownFunction []
[2019.05.18-09.35.51:196][399]LogOutputDevice: Error: [Callstack] 0x00007ffa257a0646 UE4Editor-ApplicationCore.dll!UnknownFunction []
[2019.05.18-09.35.51:196][399]LogOutputDevice: Error: [Callstack] 0x00007ff7932254e5 UE4Editor.exe!UnknownFunction []
[2019.05.18-09.35.51:196][399]LogOutputDevice: Error: [Callstack] 0x00007ff793235b3c UE4Editor.exe!UnknownFunction []
[2019.05.18-09.35.51:196][399]LogOutputDevice: Error: [Callstack] 0x00007ff793235bba UE4Editor.exe!UnknownFunction []
[2019.05.18-09.35.51:196][399]LogOutputDevice: Error: [Callstack] 0x00007ff793243dac UE4Editor.exe!UnknownFunction []
[2019.05.18-09.35.51:196][399]LogOutputDevice: Error: [Callstack] 0x00007ff793245aaa UE4Editor.exe!UnknownFunction []
[2019.05.18-09.35.51:196][399]LogOutputDevice: Error: [Callstack] 0x00007ffa65f04034 KERNEL32.DLL!UnknownFunction []
[2019.05.18-09.35.51:196][399]LogOutputDevice: Error: [Callstack] 0x00007ffa67243691 ntdll.dll!UnknownFunction []
[2019.05.18-09.35.51:196][399]LogOutputDevice: Error: 
[2019.05.18-09.35.51:203][399]LogStats:                SubmitErrorReport -  0.000 s
[2019.05.18-09.35.52:217][399]LogStats:                    SendNewReport -  1.014 s
[2019.05.18-09.35.52:217][399]LogStats:             FDebug::EnsureFailed -  2.097 s
[2019.05.18-09.35.54:840][485]LogSlate: Window 'Save Content' being destroyed
[2019.05.18-09.35.55:027][485]LogSlate: Window 'Movement2_5D - Unreal Editor' being destroyed
[2019.05.18-09.35.55:230][486]Cmd: QUIT_EDITOR
[2019.05.18-09.35.55:261][486]LogWindowsTextInputMethodSystem: Display: IME system now deactivated.
[2019.05.18-09.35.55:270][486]LogExit: Preparing to exit.
[2019.05.18-09.35.55:994][486]LogExit: Editor shut down
[2019.05.18-09.35.55:994][486]LogExit: Transaction tracking system shut down
[2019.05.18-09.35.56:484][486]LogExit: Object subsystem successfully closed.
[2019.05.18-09.35.56:508][486]LogShaderCompilers: Display: Shaders left to compile 0
[2019.05.18-09.35.56:510][486]LogD3D11RHI: Shutdown
[2019.05.18-09.35.56:510][486]LogD3D11RHI: CleanupD3DDevice
[2019.05.18-09.35.56:512][486]LogD3D11RHI: ~FD3D11DynamicRHI
[2019.05.18-09.35.56:586][486]LogModuleManager: Shutting down and abandoning module BlueprintGraph (612)
[2019.05.18-09.35.56:586][486]LogModuleManager: Shutting down and abandoning module HierarchicalLODOutliner (610)
[2019.05.18-09.35.56:586][486]LogModuleManager: Shutting down and abandoning module SceneOutliner (608)
[2019.05.18-09.35.56:586][486]LogModuleManager: Shutting down and abandoning module AddContentDialog (606)
[2019.05.18-09.35.56:587][486]LogModuleManager: Shutting down and abandoning module WidgetCarousel (605)
[2019.05.18-09.35.56:587][486]LogModuleManager: Shutting down and abandoning module EditorWidgets (602)
[2019.05.18-09.35.56:587][486]LogModuleManager: Shutting down and abandoning module CollectionManager (600)
[2019.05.18-09.35.56:587][486]LogModuleManager: Shutting down and abandoning module StatsViewer (598)
[2019.05.18-09.35.56:587][486]LogModuleManager: Shutting down and abandoning module FoliageEdit (596)
[2019.05.18-09.35.56:587][486]LogModuleManager: Shutting down and abandoning module LandscapeEditor (594)
[2019.05.18-09.35.56:588][486]LogModuleManager: Shutting down and abandoning module MeshPaintMode (592)
[2019.05.18-09.35.56:589][486]LogModuleManager: Shutting down and abandoning module SceneDepthPickerMode (590)
[2019.05.18-09.35.56:589][486]LogModuleManager: Shutting down and abandoning module ActorPickerMode (588)
[2019.05.18-09.35.56:589][486]LogModuleManager: Shutting down and abandoning module GeometryMode (586)
[2019.05.18-09.35.56:589][486]LogModuleManager: Shutting down and abandoning module TextureAlignMode (584)
[2019.05.18-09.35.56:589][486]LogModuleManager: Shutting down and abandoning module BspMode (582)
[2019.05.18-09.35.56:589][486]LogModuleManager: Shutting down and abandoning module PIEPreviewDeviceProfileSelector (580)
[2019.05.18-09.35.56:589][486]LogModuleManager: Shutting down and abandoning module SequenceRecorderSections (578)
[2019.05.18-09.35.56:589][486]LogModuleManager: Shutting down and abandoning module AutomationWorker (576)
[2019.05.18-09.35.56:589][486]LogModuleManager: Shutting down and abandoning module AudioCaptureEditor (574)
[2019.05.18-09.35.56:589][486]LogModuleManager: Shutting down and abandoning module SequenceRecorder (573)
[2019.05.18-09.35.56:589][486]LogModuleManager: Shutting down and abandoning module MatineeToLevelSequence (570)
[2019.05.18-09.35.56:589][486]LogModuleManager: Shutting down and abandoning module LevelSequenceEditor (568)
[2019.05.18-09.35.56:589][486]LogModuleManager: Shutting down and abandoning module PlacementMode (567)
[2019.05.18-09.35.56:589][486]LogModuleManager: Shutting down and abandoning module MaterialEditor (566)
[2019.05.18-09.35.56:591][486]LogModuleManager: Shutting down and abandoning module WmfMediaFactory (562)
[2019.05.18-09.35.56:591][486]LogModuleManager: Shutting down and abandoning module WmfMediaEditor (560)
[2019.05.18-09.35.56:591][486]LogModuleManager: Shutting down and abandoning module MediaPlayerEditor (558)
[2019.05.18-09.35.56:591][486]LogModuleManager: Shutting down and abandoning module OpenExrWrapper (556)
[2019.05.18-09.35.56:591][486]LogModuleManager: Shutting down and abandoning module ImgMediaFactory (554)
[2019.05.18-09.35.56:591][486]LogModuleManager: Shutting down and abandoning module ImgMediaEditor (552)
[2019.05.18-09.35.56:591][486]LogModuleManager: Shutting down and abandoning module AvfMediaFactory (550)
[2019.05.18-09.35.56:591][486]LogModuleManager: Shutting down and abandoning module AvfMediaEditor (548)
[2019.05.18-09.35.56:591][486]LogModuleManager: Shutting down and abandoning module AndroidMediaFactory (546)
[2019.05.18-09.35.56:591][486]LogModuleManager: Shutting down and abandoning module AndroidMediaEditor (544)
[2019.05.18-09.35.56:591][486]LogModuleManager: Shutting down and abandoning module MagicLeapCameraPreviewFactory (542)
[2019.05.18-09.35.56:591][486]LogModuleManager: Shutting down and abandoning module MagicLeapMediaFactory (540)
[2019.05.18-09.35.56:591][486]LogModuleManager: Shutting down and abandoning module MagicLeapMediaEditor (538)
[2019.05.18-09.35.56:591][486]LogModuleManager: Shutting down and abandoning module CharacterAI (536)
[2019.05.18-09.35.56:591][486]LogModuleManager: Shutting down and abandoning module SmartSnapping (534)
[2019.05.18-09.35.56:591][486]LogModuleManager: Shutting down and abandoning module SessionServices (532)
[2019.05.18-09.35.56:591][486]LogModuleManager: Shutting down and abandoning module ViewportSnapping (530)
[2019.05.18-09.35.56:591][486]LogModuleManager: Shutting down and abandoning module ViewportInteraction (528)
[2019.05.18-09.35.56:591][486]LogModuleManager: Shutting down and abandoning module ClothPainter (526)
[2019.05.18-09.35.56:592][486]LogModuleManager: Shutting down and abandoning module SkeletalMeshEditor (525)
[2019.05.18-09.35.56:593][486]LogModuleManager: Shutting down and abandoning module LogVisualizer (522)
[2019.05.18-09.35.56:593][486]LogModuleManager: Shutting down and abandoning module IntroTutorials (520)
[2019.05.18-09.35.56:593][486]LogModuleManager: Shutting down and abandoning module GameProjectGeneration (519)
[2019.05.18-09.35.56:593][486]LogModuleManager: Shutting down and abandoning module LuminPlatformEditor (516)
[2019.05.18-09.35.56:594][486]LogModuleManager: Shutting down and abandoning module IOSPlatformEditor (514)
[2019.05.18-09.35.56:594][486]LogModuleManager: Shutting down and abandoning module HTML5PlatformEditor (512)
[2019.05.18-09.35.56:594][486]LogModuleManager: Shutting down and abandoning module AndroidPlatformEditor (510)
[2019.05.18-09.35.56:594][486]LogModuleManager: Shutting down and abandoning module AndroidDeviceDetection (509)
[2019.05.18-09.35.56:908][486]LogModuleManager: Shutting down and abandoning module WindowsPlatformEditor (506)
[2019.05.18-09.35.56:908][486]LogModuleManager: Shutting down and abandoning module LuminRuntimeSettings (504)
[2019.05.18-09.35.56:908][486]LogModuleManager: Shutting down and abandoning module IOSRuntimeSettings (502)
[2019.05.18-09.35.56:909][486]LogModuleManager: Shutting down and abandoning module AndroidRuntimeSettings (500)
[2019.05.18-09.35.56:909][486]LogModuleManager: Shutting down and abandoning module InputBindingEditor (498)
[2019.05.18-09.35.56:909][486]LogModuleManager: Shutting down and abandoning module MergeActors (496)
[2019.05.18-09.35.56:909][486]LogModuleManager: Shutting down and abandoning module LocalizationDashboard (494)
[2019.05.18-09.35.56:911][486]LogModuleManager: Shutting down and abandoning module LocalizationService (493)
[2019.05.18-09.35.56:911][486]LogModuleManager: Shutting down and abandoning module HardwareTargeting (490)
[2019.05.18-09.35.56:911][486]LogModuleManager: Shutting down and abandoning module DeviceProfileEditor (488)
[2019.05.18-09.35.56:911][486]LogModuleManager: Shutting down and abandoning module UndoHistory (486)
[2019.05.18-09.35.56:912][486]LogModuleManager: Shutting down and abandoning module XmlParser (484)
[2019.05.18-09.35.56:912][486]LogModuleManager: Shutting down and abandoning module Blutility (482)
[2019.05.18-09.35.56:912][486]LogModuleManager: Shutting down and abandoning module ProjectSettingsViewer (480)
[2019.05.18-09.35.56:912][486]LogModuleManager: Shutting down and abandoning module ProjectTargetPlatformEditor (479)
[2019.05.18-09.35.56:912][486]LogModuleManager: Shutting down and abandoning module EditorSettingsViewer (476)
[2019.05.18-09.35.56:912][486]LogModuleManager: Shutting down and abandoning module SettingsEditor (474)
[2019.05.18-09.35.56:912][486]LogModuleManager: Shutting down and abandoning module ProjectLauncher (472)
[2019.05.18-09.35.56:913][486]LogModuleManager: Shutting down and abandoning module SessionFrontend (470)
[2019.05.18-09.35.56:913][486]LogModuleManager: Shutting down and abandoning module ProfilerClient (468)
[2019.05.18-09.35.56:913][486]LogModuleManager: Shutting down and abandoning module DeviceManager (466)
[2019.05.18-09.35.56:913][486]LogModuleManager: Shutting down and abandoning module TargetDeviceServices (465)
[2019.05.18-09.35.56:966][486]LogModuleManager: Shutting down and abandoning module AutomationController (462)
[2019.05.18-09.35.56:966][486]LogModuleManager: Shutting down and abandoning module AutomationWindow (460)
[2019.05.18-09.35.56:967][486]LogModuleManager: Shutting down and abandoning module Layers (458)
[2019.05.18-09.35.56:969][486]LogModuleManager: Shutting down and abandoning module ComponentVisualizers (456)
[2019.05.18-09.35.56:969][486]LogModuleManager: Shutting down and abandoning module DetailCustomizations (454)
[2019.05.18-09.35.56:969][486]LogModuleManager: Shutting down and abandoning module PackagesDialog (452)
[2019.05.18-09.35.56:970][486]LogModuleManager: Shutting down and abandoning module Persona (450)
[2019.05.18-09.35.56:971][486]LogModuleManager: Shutting down and abandoning module AdvancedPreviewScene (449)
[2019.05.18-09.35.56:971][486]LogModuleManager: Shutting down and abandoning module AnimGraph (447)
[2019.05.18-09.35.56:971][486]LogModuleManager: Shutting down and abandoning module Kismet (444)
[2019.05.18-09.35.56:983][486]LogModuleManager: Shutting down and abandoning module GraphEditor (442)
[2019.05.18-09.35.56:983][486]LogModuleManager: Shutting down and abandoning module ClassViewer (440)
[2019.05.18-09.35.56:983][486]LogModuleManager: Shutting down and abandoning module Toolbox (438)
[2019.05.18-09.35.56:983][486]LogModuleManager: Shutting down and abandoning module ModuleUI (436)
[2019.05.18-09.35.56:983][486]LogModuleManager: Shutting down and abandoning module MovieSceneTools (434)
[2019.05.18-09.35.56:984][486]LogModuleManager: Shutting down and abandoning module OutputLog (432)
[2019.05.18-09.35.56:984][486]LogModuleManager: Shutting down and abandoning module GammaUI (430)
[2019.05.18-09.35.56:984][486]LogModuleManager: Shutting down and abandoning module Documentation (428)
[2019.05.18-09.35.56:984][486]LogModuleManager: Shutting down and abandoning module MovieSceneTracks (426)
[2019.05.18-09.35.56:984][486]LogModuleManager: Shutting down and abandoning module MovieScene (424)
[2019.05.18-09.35.56:984][486]LogModuleManager: Shutting down and abandoning module StreamingPauseRendering (422)
[2019.05.18-09.35.56:984][486]LogModuleManager: Shutting down and abandoning module LauncherPlatform (420)
[2019.05.18-09.35.56:985][486]LogModuleManager: Shutting down and abandoning module AnalyticsET (418)
[2019.05.18-09.35.56:985][486]LogModuleManager: Shutting down and abandoning module PortalServices (416)
[2019.05.18-09.35.56:985][486]LogModuleManager: Shutting down and abandoning module PortalRpc (414)
[2019.05.18-09.35.56:985][486]LogModuleManager: Shutting down and abandoning module MessagingRpc (412)
[2019.05.18-09.35.56:985][486]LogModuleManager: Shutting down and abandoning module AIModule (410)
[2019.05.18-09.35.56:985][486]LogModuleManager: Shutting down and abandoning module GameplayDebugger (409)
[2019.05.18-09.35.56:985][486]LogModuleManager: Shutting down and abandoning module AITestSuite (407)
[2019.05.18-09.35.56:985][486]LogModuleManager: Shutting down and abandoning module NavigationSystem (405)
[2019.05.18-09.35.56:985][486]LogModuleManager: Shutting down and abandoning module DesktopPlatform (402)
[2019.05.18-09.35.56:985][486]LogModuleManager: Shutting down and abandoning module ProfilerService (400)
[2019.05.18-09.35.57:138][486]LogModuleManager: Shutting down and abandoning module TaskGraph (398)
[2019.05.18-09.35.57:141][486]LogModuleManager: Shutting down and abandoning module SteamVRController (396)
[2019.05.18-09.35.57:141][486]LogModuleManager: Shutting down and abandoning module ProceduralMeshComponentEditor (394)
[2019.05.18-09.35.57:141][486]LogModuleManager: Shutting down and abandoning module ProceduralMeshComponent (392)
[2019.05.18-09.35.57:142][486]LogModuleManager: Shutting down and abandoning module OculusInput (390)
[2019.05.18-09.35.57:142][486]LogModuleManager: Shutting down and abandoning module MobilePatchingUtils (388)
[2019.05.18-09.35.57:142][486]LogModuleManager: Shutting down and abandoning module EditableMesh (386)
[2019.05.18-09.35.57:142][486]LogModuleManager: Shutting down and abandoning module CustomMeshComponent (384)
[2019.05.18-09.35.57:142][486]LogModuleManager: Shutting down and abandoning module CableComponent (382)
[2019.05.18-09.35.57:142][486]LogModuleManager: Shutting down and abandoning module AudioCapture (380)
[2019.05.18-09.35.57:142][486]LogModuleManager: Shutting down and abandoning module ArchVisCharacter (378)
[2019.05.18-09.35.57:143][486]LogModuleManager: Shutting down and abandoning module AndroidPermission (376)
[2019.05.18-09.35.57:143][486]LogModuleManager: Shutting down and abandoning module NUTUnrealEngine4 (374)
[2019.05.18-09.35.57:143][486]LogModuleManager: Shutting down and abandoning module NetcodeUnitTest (372)
[2019.05.18-09.35.57:144][486]LogModuleManager: Shutting down and abandoning module MediaCompositingEditor (370)
[2019.05.18-09.35.57:144][486]LogModuleManager: Shutting down and abandoning module MediaCompositing (368)
[2019.05.18-09.35.57:144][486]LogModuleManager: Shutting down and abandoning module LinearTimecode (366)
[2019.05.18-09.35.57:144][486]LogModuleManager: Shutting down and abandoning module ImgMedia (364)
[2019.05.18-09.35.57:154][486]LogModuleManager: Shutting down and abandoning module HTML5Networking (362)
[2019.05.18-09.35.57:154][486]LogModuleManager: Shutting down and abandoning module GeometryCacheTracks (360)
[2019.05.18-09.35.57:155][486]LogModuleManager: Shutting down and abandoning module GeometryCacheSequencer (358)
[2019.05.18-09.35.57:155][486]LogModuleManager: Shutting down and abandoning module BackChannel (356)
[2019.05.18-09.35.57:155][486]LogModuleManager: Shutting down and abandoning module AppleVision (354)
[2019.05.18-09.35.57:155][486]LogModuleManager: Shutting down and abandoning module AppleImageUtils (352)
[2019.05.18-09.35.57:155][486]LogModuleManager: Shutting down and abandoning module AlembicImporter (350)
[2019.05.18-09.35.57:155][486]LogModuleManager: Shutting down and abandoning module AlembicLibrary (349)
[2019.05.18-09.35.57:155][486]LogModuleManager: Shutting down and abandoning module GeometryCache (348)
[2019.05.18-09.35.57:155][486]LogModuleManager: Shutting down and abandoning module GeometryCacheEd (347)
[2019.05.18-09.35.57:155][486]LogModuleManager: Shutting down and abandoning module DatasmithContentEditor (342)
[2019.05.18-09.35.57:155][486]LogModuleManager: Shutting down and abandoning module DatasmithContent (340)
[2019.05.18-09.35.57:157][486]LogModuleManager: Shutting down and abandoning module SpeedTreeImporter (338)
[2019.05.18-09.35.57:157][486]LogModuleManager: Shutting down and abandoning module PluginBrowser (336)
[2019.05.18-09.35.57:158][486]LogModuleManager: Shutting down and abandoning module MobileLauncherProfileWizard (334)
[2019.05.18-09.35.57:158][486]LogModuleManager: Shutting down and abandoning module PolygonModeling (332)
[2019.05.18-09.35.57:158][486]LogModuleManager: Shutting down and abandoning module MeshEditor (330)
[2019.05.18-09.35.57:159][486]LogModuleManager: Shutting down and abandoning module CryptoKeysOpenSSL (328)
[2019.05.18-09.35.57:159][486]LogModuleManager: Shutting down and abandoning module CryptoKeys (326)
[2019.05.18-09.35.57:159][486]LogModuleManager: Shutting down and abandoning module VisualStudioSourceCodeAccess (324)
[2019.05.18-09.35.57:159][486]LogModuleManager: Shutting down and abandoning module VisualStudioCodeSourceCodeAccess (322)
[2019.05.18-09.35.57:159][486]LogModuleManager: Shutting down and abandoning module UObjectPlugin (320)
[2019.05.18-09.35.57:159][486]LogModuleManager: Shutting down and abandoning module SubversionSourceControl (318)
[2019.05.18-09.35.57:159][486]LogModuleManager: Shutting down and abandoning module PerforceSourceControl (316)
[2019.05.18-09.35.57:159][486]LogModuleManager: Shutting down and abandoning module GitSourceControl (314)
[2019.05.18-09.35.57:160][486]LogModuleManager: Shutting down and abandoning module SourceControl (313)
[2019.05.18-09.35.57:160][486]LogModuleManager: Shutting down and abandoning module CLionSourceCodeAccess (310)
[2019.05.18-09.35.57:160][486]LogModuleManager: Shutting down and abandoning module LightPropagationVolumeEditor (308)
[2019.05.18-09.35.57:160][486]LogModuleManager: Shutting down and abandoning module PaperTiledImporter (306)
[2019.05.18-09.35.57:160][486]LogModuleManager: Shutting down and abandoning module PaperSpriteSheetImporter (304)
[2019.05.18-09.35.57:160][486]LogModuleManager: Shutting down and abandoning module Paper2DEditor (302)
[2019.05.18-09.35.57:160][486]LogModuleManager: Shutting down and abandoning module MeshPaint (301)
[2019.05.18-09.35.57:160][486]LogModuleManager: Shutting down and abandoning module RuntimePhysXCooking (298)
[2019.05.18-09.35.57:160][486]LogModuleManager: Shutting down and abandoning module PhysXVehiclesEditor (296)
[2019.05.18-09.35.57:160][486]LogModuleManager: Shutting down and abandoning module PhysXVehicles (294)
[2019.05.18-09.35.57:160][486]LogModuleManager: Shutting down and abandoning module OculusEditor (292)
[2019.05.18-09.35.57:160][486]LogModuleManager: Shutting down and abandoning module LocationServicesBPLibrary (290)
[2019.05.18-09.35.57:160][486]LogModuleManager: Shutting down and abandoning module ImmediatePhysicsEditor (288)
[2019.05.18-09.35.57:160][486]LogModuleManager: Shutting down and abandoning module ImmediatePhysics (286)
[2019.05.18-09.35.57:160][486]LogModuleManager: Shutting down and abandoning module ActorSequence (284)
[2019.05.18-09.35.57:161][486]LogModuleManager: Shutting down and abandoning module UdpMessaging (282)
[2019.05.18-09.35.57:261][486]LogModuleManager: Shutting down and abandoning module TcpMessaging (280)
[2019.05.18-09.35.57:363][486]LogModuleManager: Shutting down and abandoning module MagicLeapAudio (278)
[2019.05.18-09.35.57:363][486]LogModuleManager: Shutting down and abandoning module GameplayTagsEditor (276)
[2019.05.18-09.35.57:365][486]LogModuleManager: Shutting down and abandoning module FacialAnimationEditor (274)
[2019.05.18-09.35.57:365][486]LogModuleManager: Shutting down and abandoning module FacialAnimation (272)
[2019.05.18-09.35.57:365][486]LogModuleManager: Shutting down and abandoning module DataValidation (270)
[2019.05.18-09.35.57:365][486]LogModuleManager: Shutting down and abandoning module AssetManagerEditor (268)
[2019.05.18-09.35.57:366][486]LogModuleManager: Shutting down and abandoning module LevelEditor (267)
[2019.05.18-09.35.57:367][486]LogModuleManager: Shutting down and abandoning module PixelInspectorModule (266)
[2019.05.18-09.35.57:367][486]LogModuleManager: Shutting down and abandoning module CommonMenuExtensions (264)
[2019.05.18-09.35.57:367][486]LogModuleManager: Shutting down and abandoning module MainFrame (262)
[2019.05.18-09.35.57:367][486]LogModuleManager: Shutting down and abandoning module HotReload (261)
[2019.05.18-09.35.57:368][486]LogModuleManager: Shutting down and abandoning module ContentBrowser (257)
[2019.05.18-09.35.57:370][486]LogModuleManager: Shutting down and abandoning module TreeMap (255)
[2019.05.18-09.35.57:370][486]LogModuleManager: Shutting down and abandoning module LightPropagationVolumeRuntime (252)
[2019.05.18-09.35.57:370][486]LogModuleManager: Shutting down and abandoning module AISupportModule (250)
[2019.05.18-09.35.57:370][486]LogModuleManager: Shutting down and abandoning module Paper2D (248)
[2019.05.18-09.35.57:370][486]LogModuleManager: Shutting down and abandoning module WindowsMoviePlayer (246)
[2019.05.18-09.35.57:370][486]LogModuleManager: Shutting down and abandoning module WmfMedia (244)
[2019.05.18-09.35.57:372][486]LogModuleManager: Shutting down and abandoning module Media (243)
[2019.05.18-09.35.57:378][486]LogModuleManager: Shutting down and abandoning module PacketHandler (240)
[2019.05.18-09.35.57:379][486]LogModuleManager: Shutting down and abandoning module ClothingSystemEditor (238)
[2019.05.18-09.35.57:379][486]LogModuleManager: Shutting down and abandoning module ClothingSystemRuntime (236)
[2019.05.18-09.35.57:379][486]LogModuleManager: Shutting down and abandoning module MediaAssets (234)
[2019.05.18-09.35.57:379][486]LogModuleManager: Shutting down and abandoning module Overlay (232)
[2019.05.18-09.35.57:379][486]LogModuleManager: Shutting down and abandoning module OverlayEditor (231)
[2019.05.18-09.35.57:379][486]LogModuleManager: Shutting down and abandoning module VREditor (228)
[2019.05.18-09.35.57:379][486]LogModuleManager: Shutting down and abandoning module StringTableEditor (226)
[2019.05.18-09.35.57:379][486]LogModuleManager: Shutting down and abandoning module GameplayTasksEditor (224)
[2019.05.18-09.35.57:379][486]LogModuleManager: Shutting down and abandoning module BehaviorTreeEditor (222)
[2019.05.18-09.35.57:380][486]LogModuleManager: Shutting down and abandoning module FunctionalTesting (220)
[2019.05.18-09.35.57:380][486]LogModuleManager: Shutting down and abandoning module CollisionAnalyzer (218)
[2019.05.18-09.35.57:380][486]LogModuleManager: Shutting down and abandoning module WorkspaceMenuStructure (217)
[2019.05.18-09.35.57:380][486]LogModuleManager: Shutting down and abandoning module UMG (214)
[2019.05.18-09.35.57:381][486]LogModuleManager: Shutting down and abandoning module UMGEditor (213)
[2019.05.18-09.35.57:381][486]LogModuleManager: Shutting down and abandoning module Sequencer (212)
[2019.05.18-09.35.57:382][486]LogModuleManager: Shutting down and abandoning module MessageLog (209)
[2019.05.18-09.35.57:382][486]LogModuleManager: Shutting down and abandoning module SlateReflector (204)
[2019.05.18-09.35.57:383][486]LogModuleManager: Shutting down and abandoning module Slate (202)
[2019.05.18-09.35.57:383][486]LogModuleManager: Shutting down and abandoning module EditorStyle (200)
[2019.05.18-09.35.57:386][486]LogModuleManager: Shutting down and abandoning module MRMesh (198)
[2019.05.18-09.35.57:386][486]LogModuleManager: Shutting down and abandoning module SourceCodeAccess (196)
[2019.05.18-09.35.57:386][486]LogModuleManager: Shutting down and abandoning module HeadMountedDisplay (194)
[2019.05.18-09.35.57:386][486]LogModuleManager: Shutting down and abandoning module XAudio2 (192)
[2019.05.18-09.35.57:386][486]LogModuleManager: Shutting down and abandoning module Networking (190)
[2019.05.18-09.35.57:386][486]LogModuleManager: Shutting down and abandoning module Core (188)
[2019.05.18-09.35.57:386][486]LogModuleManager: Shutting down and abandoning module LevelSequence (186)
[2019.05.18-09.35.57:386][486]LogModuleManager: Shutting down and abandoning module KismetCompiler (184)
[2019.05.18-09.35.57:386][486]LogModuleManager: Shutting down and abandoning module MeshUtilities (182)
[2019.05.18-09.35.57:386][486]LogModuleManager: Shutting down and abandoning module MeshMergeUtilities (181)
[2019.05.18-09.35.57:387][486]LogModuleManager: Shutting down and abandoning module MeshReductionInterface (180)
[2019.05.18-09.35.57:387][486]LogModuleManager: Shutting down and abandoning module SimplygonSwarm (179)
[2019.05.18-09.35.57:387][486]LogModuleManager: Shutting down and abandoning module ProxyLODMeshReduction (177)
[2019.05.18-09.35.57:387][486]LogModuleManager: Shutting down and abandoning module SimplygonMeshReduction (175)
[2019.05.18-09.35.57:387][486]LogModuleManager: Shutting down and abandoning module QuadricMeshReduction (173)
[2019.05.18-09.35.57:387][486]LogModuleManager: Shutting down and abandoning module MaterialBaking (169)
[2019.05.18-09.35.57:387][486]LogModuleManager: Shutting down and abandoning module DirectoryWatcher (165)
[2019.05.18-09.35.57:388][486]LogModuleManager: Shutting down and abandoning module DerivedDataCache (162)
[2019.05.18-09.35.57:423][486]LogDerivedDataCache: Shutdown
[2019.05.18-09.35.57:423][486]LogModuleManager: Shutting down and abandoning module XGEController (160)
[2019.05.18-09.35.57:423][486]LogXGEController: Cleaning working directory: C:/Users/valen/AppData/Local/Temp/UnrealXGEWorkingDir/
[2019.05.18-09.35.57:424][486]LogModuleManager: Shutting down and abandoning module TargetPlatform (158)
[2019.05.18-09.35.57:424][486]LogModuleManager: Shutting down and abandoning module VulkanShaderFormat (157)
[2019.05.18-09.35.57:424][486]LogModuleManager: Shutting down and abandoning module ShaderFormatVectorVM (155)
[2019.05.18-09.35.57:424][486]LogModuleManager: Shutting down and abandoning module ShaderFormatOpenGL (153)
[2019.05.18-09.35.57:424][486]LogModuleManager: Shutting down and abandoning module ShaderFormatD3D (151)
[2019.05.18-09.35.57:424][486]LogModuleManager: Shutting down and abandoning module MetalShaderFormat (149)
[2019.05.18-09.35.57:424][486]LogModuleManager: Shutting down and abandoning module TextureFormatUncompressed (147)
[2019.05.18-09.35.57:424][486]LogModuleManager: Shutting down and abandoning module TextureFormatPVR (145)
[2019.05.18-09.35.57:424][486]LogModuleManager: Shutting down and abandoning module TextureFormatDXT (143)
[2019.05.18-09.35.57:424][486]LogModuleManager: Shutting down and abandoning module TextureFormatIntelISPCTexComp (141)
[2019.05.18-09.35.57:424][486]LogModuleManager: Shutting down and abandoning module TextureFormatASTC (139)
[2019.05.18-09.35.57:424][486]LogModuleManager: Shutting down and abandoning module ImageWrapper (138)
[2019.05.18-09.35.57:424][486]LogModuleManager: Shutting down and abandoning module TextureFormatAndroid (135)
[2019.05.18-09.35.57:424][486]LogModuleManager: Shutting down and abandoning module AudioFormatOpus (133)
[2019.05.18-09.35.57:424][486]LogModuleManager: Shutting down and abandoning module AudioFormatOgg (131)
[2019.05.18-09.35.57:424][486]LogModuleManager: Shutting down and abandoning module AudioFormatADPCM (129)
[2019.05.18-09.35.57:424][486]LogModuleManager: Shutting down and abandoning module LuminTargetPlatform (127)
[2019.05.18-09.35.57:424][486]LogModuleManager: Shutting down and abandoning module LinuxTargetPlatform (125)
[2019.05.18-09.35.57:424][486]LogModuleManager: Shutting down and abandoning module LinuxServerTargetPlatform (123)
[2019.05.18-09.35.57:424][486]LogModuleManager: Shutting down and abandoning module LinuxNoEditorTargetPlatform (121)
[2019.05.18-09.35.57:424][486]LogModuleManager: Shutting down and abandoning module LinuxClientTargetPlatform (119)
[2019.05.18-09.35.57:424][486]LogModuleManager: Shutting down and abandoning module TVOSTargetPlatform (117)
[2019.05.18-09.35.57:425][486]LogModuleManager: Shutting down and abandoning module Messaging (115)
[2019.05.18-09.35.57:425][486]LogModuleManager: Shutting down and abandoning module IOSTargetPlatform (113)
[2019.05.18-09.35.57:426][486]LogModuleManager: Shutting down and abandoning module HTML5TargetPlatform (111)
[2019.05.18-09.35.57:426][486]LogModuleManager: Shutting down and abandoning module AndroidTargetPlatform (109)
[2019.05.18-09.35.57:431][486]LogModuleManager: Shutting down and abandoning module WindowsTargetPlatform (107)
[2019.05.18-09.35.57:431][486]LogModuleManager: Shutting down and abandoning module WindowsServerTargetPlatform (105)
[2019.05.18-09.35.57:431][486]LogModuleManager: Shutting down and abandoning module WindowsNoEditorTargetPlatform (103)
[2019.05.18-09.35.57:431][486]LogModuleManager: Shutting down and abandoning module WindowsClientTargetPlatform (101)
[2019.05.18-09.35.57:431][486]LogModuleManager: Shutting down and abandoning module MacTargetPlatform (99)
[2019.05.18-09.35.57:431][486]LogModuleManager: Shutting down and abandoning module MacServerTargetPlatform (97)
[2019.05.18-09.35.57:431][486]LogModuleManager: Shutting down and abandoning module MacNoEditorTargetPlatform (95)
[2019.05.18-09.35.57:431][486]LogModuleManager: Shutting down and abandoning module MacClientTargetPlatform (93)
[2019.05.18-09.35.57:431][486]LogModuleManager: Shutting down and abandoning module AllDesktopTargetPlatform (91)
[2019.05.18-09.35.57:431][486]LogModuleManager: Shutting down and abandoning module InputCore (88)
[2019.05.18-09.35.57:431][486]LogModuleManager: Shutting down and abandoning module Settings (86)
[2019.05.18-09.35.57:431][486]LogModuleManager: Shutting down and abandoning module PhysXCooking (84)
[2019.05.18-09.35.57:431][486]LogModuleManager: Shutting down and abandoning module SteamVR (82)
[2019.05.18-09.35.57:431][486]LogModuleManager: Shutting down and abandoning module OculusHMD (80)
[2019.05.18-09.35.57:431][486]LogModuleManager: Shutting down and abandoning module ExampleDeviceProfileSelector (78)
[2019.05.18-09.35.57:431][486]LogModuleManager: Shutting down and abandoning module LauncherChunkInstaller (76)
[2019.05.18-09.35.57:432][486]LogModuleManager: Shutting down and abandoning module OnlineBlueprintSupport (74)
[2019.05.18-09.35.57:432][486]LogModuleManager: Shutting down and abandoning module OnlineSubsystem (70)
[2019.05.18-09.35.57:433][486]LogModuleManager: Shutting down and abandoning module XMPP (65)
[2019.05.18-09.35.57:434][486]LogModuleManager: Shutting down and abandoning module WebSockets (64)
[2019.05.18-09.35.57:442][486]LogModuleManager: Shutting down and abandoning module HTTP (61)
[2019.05.18-09.35.57:442][486]LogHttp: Display: Http module shutting down, but needs to wait on 1 outstanding Http requests:
[2019.05.18-09.35.57:442][486]LogHttp: Display: 	verb=[POST] url=[https://datarouter.ol.epicgames.com/datarouter/api/v1/public/data?SessionID=%7B8B0BBD6F-4A45-0B70-7F96-50B941CC6FD7%7D&AppID=UEEditor.Rocket.Release&AppVersion=4.20.3-4369336%2B%2B%2BUE4%2BRelease-4.20&UserID=fba89282484c1b30772814b49028c8fd%7C4d61f3e9fb6941278b428f8b1ec4111b%7C1641adfa-6356-46ad-990b-493ad1ac7964&AppEnvironment=datacollector-binary&UploadType=eteventstream] status=Processing
[2019.05.18-09.35.57:466][486]LogModuleManager: Shutting down and abandoning module SSL (60)
[2019.05.18-09.35.57:467][486]LogModuleManager: Shutting down and abandoning module MagicLeapEmulator (56)
[2019.05.18-09.35.57:467][486]LogModuleManager: Shutting down and abandoning module MagicLeapPrivileges (54)
[2019.05.18-09.35.57:467][486]LogModuleManager: Shutting down and abandoning module MagicLeapIdentity (52)
[2019.05.18-09.35.57:467][486]LogModuleManager: Shutting down and abandoning module MagicLeapHelperVulkan (50)
[2019.05.18-09.35.57:467][486]LogModuleManager: Shutting down and abandoning module MagicLeapHelperOpenGL (48)
[2019.05.18-09.35.57:467][486]LogModuleManager: Shutting down and abandoning module MagicLeapSecureStorage (46)
[2019.05.18-09.35.57:467][486]LogModuleManager: Shutting down and abandoning module MagicLeapGestures (44)
[2019.05.18-09.35.57:468][486]LogModuleManager: Shutting down and abandoning module MagicLeapEyeTracker (42)
[2019.05.18-09.35.57:468][486]LogModuleManager: Shutting down and abandoning module MagicLeapController (40)
[2019.05.18-09.35.57:468][486]LogSlate: Slate User Destroyed.  User Index 0, Is Virtual User: 0
[2019.05.18-09.35.57:468][486]LogModuleManager: Shutting down and abandoning module MagicLeap (38)
[2019.05.18-09.35.57:468][486]LogModuleManager: Shutting down and abandoning module AnimationModifiers (36)
[2019.05.18-09.35.57:468][486]LogModuleManager: Shutting down and abandoning module PropertyEditor (35)
[2019.05.18-09.35.57:468][486]LogModuleManager: Shutting down and abandoning module AudioEditor (32)
[2019.05.18-09.35.57:468][486]LogModuleManager: Shutting down and abandoning module TextureCompressor (30)
[2019.05.18-09.35.57:468][486]LogModuleManager: Shutting down and abandoning module ShaderCore (28)
[2019.05.18-09.35.57:468][486]LogModuleManager: Shutting down and abandoning module Landscape (26)
[2019.05.18-09.35.57:468][486]LogModuleManager: Shutting down and abandoning module SlateRHIRenderer (24)
[2019.05.18-09.35.57:469][486]LogModuleManager: Shutting down and abandoning module OpenGLDrv (22)
[2019.05.18-09.35.57:470][486]LogModuleManager: Shutting down and abandoning module D3D11RHI (20)
[2019.05.18-09.35.57:470][486]LogModuleManager: Shutting down and abandoning module AnimGraphRuntime (18)
[2019.05.18-09.35.57:470][486]LogModuleManager: Shutting down and abandoning module Renderer (16)
[2019.05.18-09.35.57:470][486]LogModuleManager: Shutting down and abandoning module Engine (14)
[2019.05.18-09.35.57:470][486]LogModuleManager: Shutting down and abandoning module CoreUObject (12)
[2019.05.18-09.35.57:470][486]LogModuleManager: Shutting down and abandoning module NetworkFile (10)
[2019.05.18-09.35.57:470][486]LogModuleManager: Shutting down and abandoning module CookedIterativeFile (8)
[2019.05.18-09.35.57:470][486]LogModuleManager: Shutting down and abandoning module StreamingFile (6)
[2019.05.18-09.35.57:470][486]LogModuleManager: Shutting down and abandoning module SandboxFile (4)
[2019.05.18-09.35.57:470][486]LogModuleManager: Shutting down and abandoning module PakFile (2)
[2019.05.18-09.35.57:485][486]LogExit: Exiting.
[2019.05.18-09.35.57:546][486]Log file closed, 05/18/19 11:35:57
