Log file open, 05/18/19 11:36:16
LogWindows: Failed to load 'aqProf.dll' (GetLastError=126)
LogWindows: File 'aqProf.dll' does not exist
LogWindows: Failed to load 'VSPerf140.dll' (GetLastError=126)
LogWindows: File 'VSPerf140.dll' does not exist
LogWindows: Failed to load 'VtuneApi.dll' (GetLastError=126)
LogWindows: File 'VtuneApi.dll' does not exist
LogWindows: Failed to load 'VtuneApi32e.dll' (GetLastError=126)
LogWindows: File 'VtuneApi32e.dll' does not exist
LogInit: Display: Running engine for game: Movement2_5D
LogPlatformFile: Not using cached read wrapper
LogTaskGraph: Started task graph with 5 named threads and 23 total threads with 3 sets of task threads.
LogStats: Stats thread started at 0.307941
LogD3D11RHI: Loaded GFSDK_Aftermath_Lib.x64.dll
LogICUInternationalization: Display: ICU TimeZone Detection - Raw Offset: +1:00, Platform Override: ''
LogPluginManager: Mounting plugin Paper2D
LogPluginManager: Mounting plugin AISupport
LogPluginManager: Mounting plugin LightPropagationVolume
LogPluginManager: Mounting plugin CLionSourceCodeAccess
LogPluginManager: Mounting plugin CodeLiteSourceCodeAccess
LogPluginManager: Mounting plugin GitSourceControl
LogPluginManager: Mounting plugin KDevelopSourceCodeAccess
LogPluginManager: Mounting plugin NullSourceCodeAccess
LogPluginManager: Mounting plugin PerforceSourceControl
LogPluginManager: Mounting plugin SubversionSourceControl
LogPluginManager: Mounting plugin UObjectPlugin
LogPluginManager: Mounting plugin VisualStudioCodeSourceCodeAccess
LogPluginManager: Mounting plugin VisualStudioSourceCodeAccess
LogPluginManager: Mounting plugin XCodeSourceCodeAccess
LogPluginManager: Mounting plugin AssetManagerEditor
LogPluginManager: Mounting plugin CryptoKeys
LogPluginManager: Mounting plugin DataValidation
LogPluginManager: Mounting plugin FacialAnimation
LogPluginManager: Mounting plugin GameplayTagsEditor
LogPluginManager: Mounting plugin MacGraphicsSwitching
LogPluginManager: Mounting plugin MeshEditor
LogPluginManager: Mounting plugin MobileLauncherProfileWizard
LogPluginManager: Mounting plugin PluginBrowser
LogPluginManager: Mounting plugin SpeedTreeImporter
LogPluginManager: Mounting plugin DatasmithContent
LogPluginManager: Mounting plugin AlembicImporter
LogPluginManager: Mounting plugin AppleImageUtils
LogPluginManager: Mounting plugin AppleVision
LogPluginManager: Mounting plugin BackChannel
LogPluginManager: Mounting plugin CharacterAI
LogPluginManager: Mounting plugin GeometryCache
LogPluginManager: Mounting plugin HTML5Networking
LogPluginManager: Mounting plugin ProxyLODPlugin
LogPluginManager: Mounting plugin MagicLeap
LogPluginManager: Mounting plugin MagicLeapEmulator
LogPluginManager: Mounting plugin MagicLeapMedia
LogPluginManager: Mounting plugin AndroidMedia
LogPluginManager: Mounting plugin AvfMedia
LogPluginManager: Mounting plugin ImgMedia
LogPluginManager: Mounting plugin LinearTimecode
LogPluginManager: Mounting plugin MediaCompositing
LogPluginManager: Mounting plugin MediaPlayerEditor
LogPluginManager: Mounting plugin WmfMedia
LogPluginManager: Mounting plugin TcpMessaging
LogPluginManager: Mounting plugin UdpMessaging
LogPluginManager: Mounting plugin ActorSequence
LogPluginManager: Mounting plugin LevelSequenceEditor
LogPluginManager: Mounting plugin MatineeToLevelSequence
LogPluginManager: Mounting plugin NetcodeUnitTest
LogPluginManager: Mounting plugin NUTUnrealEngine4
LogPluginManager: Mounting plugin OnlineSubsystemGooglePlay
LogPluginManager: Mounting plugin OnlineSubsystemIOS
LogPluginManager: Mounting plugin OnlineSubsystem
LogPluginManager: Mounting plugin OnlineSubsystemNull
LogPluginManager: Mounting plugin OnlineSubsystemUtils
LogPluginManager: Mounting plugin LauncherChunkInstaller
LogPluginManager: Mounting plugin AndroidDeviceProfileSelector
LogPluginManager: Mounting plugin AndroidMoviePlayer
LogPluginManager: Mounting plugin AndroidPermission
LogPluginManager: Mounting plugin AppleMoviePlayer
LogPluginManager: Mounting plugin ArchVisCharacter
LogPluginManager: Mounting plugin AudioCapture
LogPluginManager: Mounting plugin CableComponent
LogPluginManager: Mounting plugin CustomMeshComponent
LogPluginManager: Mounting plugin EditableMesh
LogPluginManager: Mounting plugin ExampleDeviceProfileSelector
LogPluginManager: Mounting plugin GoogleCloudMessaging
LogPluginManager: Mounting plugin ImmediatePhysics
LogPluginManager: Mounting plugin IOSDeviceProfileSelector
LogPluginManager: Mounting plugin LinuxDeviceProfileSelector
LogPluginManager: Mounting plugin LocationServicesBPLibrary
LogPluginManager: Mounting plugin MobilePatchingUtils
LogPluginManager: Mounting plugin OculusVR
LogPluginManager: Plugin shader directory ../../../Engine/Plugins/Runtime/Oculus/OculusVR/Shaders found
LogPluginManager: Mapping shader source directory ../../../Engine/Plugins/Runtime/Oculus/OculusVR/Shaders to virtual directory /Plugin/OculusVR
LogPluginManager: Mounting plugin PhysXVehicles
LogPluginManager: Mounting plugin ProceduralMeshComponent
LogPluginManager: Mounting plugin RuntimePhysXCooking
LogPluginManager: Mounting plugin SteamVR
LogPluginManager: Mounting plugin WindowsMoviePlayer
LogStreaming: Display: Took  0.188s to configure plugins.
LogInit: Using libcurl 7.55.1-DEV
LogInit:  - built for x86_64-pc-win32
LogInit:  - supports SSL with OpenSSL/1.0.2h
LogInit:  - supports HTTP deflate (compression) using libz 1.2.8
LogInit:  - other features:
LogInit:      CURL_VERSION_SSL
LogInit:      CURL_VERSION_LIBZ
LogInit:      CURL_VERSION_IPV6
LogInit:      CURL_VERSION_ASYNCHDNS
LogInit:      CURL_VERSION_LARGEFILE
LogInit:      CURL_VERSION_IDN
LogInit:  CurlRequestOptions (configurable via config and command line):
LogInit:  - bVerifyPeer = false  - Libcurl will NOT verify peer certificate
LogInit:  - bUseHttpProxy = false  - Libcurl will NOT use HTTP proxy
LogInit:  - bDontReuseConnections = false  - Libcurl will reuse connections
LogInit:  - CertBundlePath = nullptr  - Libcurl will use whatever was configured at build time.
LogInit:  - MaxHostConnections = 16  - Libcurl will limit the number of connections to a host
LogInit:  - LocalHostAddr = Default
LogInit:  - BufferSize = 65536
LogInit: WinSock: version 1.1 (2.2), MaxSocks=32767, MaxUdp=65467
LogInit: Build: ++UE4+Release-4.20-CL-4369336
LogInit: Engine Version: 4.20.3-4369336+++UE4+Release-4.20
LogInit: Compatible Engine Version: 4.20.0-4212847+++UE4+Release-4.20
LogInit: Net CL: 4212847
LogInit: OS: Windows 10 (), CPU: Intel(R) Core(TM) i7-7700HQ CPU @ 2.80GHz, GPU: Intel(R) HD Graphics 630
LogInit: Compiled (64-bit): Sep 17 2018 12:26:19
LogInit: Compiled with Visual C++: 19.13.26129.00
LogInit: Build Configuration: Development
LogInit: Branch Name: ++UE4+Release-4.20
LogInit: Command Line: 
LogInit: Base Directory: C:/Program Files/Epic Games/UE_4.20/Engine/Binaries/Win64/
LogInit: Installed Engine Build: 1
LogDevObjectVersion: Number of dev versions registered: 20
LogDevObjectVersion:   Dev-Blueprints (B0D832E4-1F89-4F0D-ACCF-7EB736FD4AA2): 10
LogDevObjectVersion:   Dev-Build (E1C64328-A22C-4D53-A36C-8E866417BD8C): 0
LogDevObjectVersion:   Dev-Core (375EC13C-06E4-48FB-B500-84F0262A717E): 2
LogDevObjectVersion:   Dev-Editor (E4B068ED-F494-42E9-A231-DA0B2E46BB41): 24
LogDevObjectVersion:   Dev-Framework (CFFC743F-43B0-4480-9391-14DF171D2073): 34
LogDevObjectVersion:   Dev-Mobile (B02B49B5-BB20-44E9-A304-32B752E40360): 2
LogDevObjectVersion:   Dev-Networking (A4E4105C-59A1-49B5-A7C5-40C4547EDFEE): 0
LogDevObjectVersion:   Dev-Online (39C831C9-5AE6-47DC-9A44-9C173E1C8E7C): 0
LogDevObjectVersion:   Dev-Physics (78F01B33-EBEA-4F98-B9B4-84EACCB95AA2): 0
LogDevObjectVersion:   Dev-Platform (6631380F-2D4D-43E0-8009-CF276956A95A): 0
LogDevObjectVersion:   Dev-Rendering (12F88B9F-8875-4AFC-A67C-D90C383ABD29): 26
LogDevObjectVersion:   Dev-Sequencer (7B5AE74C-D270-4C10-A958-57980B212A5A): 9
LogDevObjectVersion:   Dev-VR (D7296918-1DD6-4BDD-9DE2-64A83CC13884): 2
LogDevObjectVersion:   Dev-LoadTimes (C2A15278-BFE7-4AFE-6C17-90FF531DF755): 1
LogDevObjectVersion:   Private-Geometry (6EACA3D4-40EC-4CC1-B786-8BED09428FC5): 3
LogDevObjectVersion:   Dev-AnimPhys (29E575DD-E0A3-4627-9D10-D276232CDCEA): 17
LogDevObjectVersion:   Dev-ReflectionCapture (6B266CEC-1EC7-4B8F-A30B-E4D90942FC07): 1
LogDevObjectVersion:   Dev-Automation (0DF73D61-A23F-47EA-B727-89E90C41499A): 1
LogDevObjectVersion:   FortniteMain (601D1886-AC64-4F84-AA16-D3DE0DEAC7D6): 12
LogDevObjectVersion:   Dev-Enterprise (9DFFBCD6-494F-0158-E221-12823C92A888): 1
LogStreaming: Display: Took  0.001s to delete old logs.
LogInit: Presizing for max 8388607 objects, including 0 objects not considered by GC, pre-allocating 0 bytes for permanent pool.
LogInit: Object subsystem initialized
[2019.05.18-09.36.16:932][  0]LogInit: Selected Device Profile: [Windows]
[2019.05.18-09.36.16:932][  0]LogInit: Applying CVar settings loaded from the selected device profile: [Windows]
[2019.05.18-09.36.16:942][  0]LogHAL: Display: Platform has ~ 16 GB [17066790912 / 17179869184 / 16], which maps to Larger [LargestMinGB=32, LargerMinGB=12, DefaultMinGB=8, SmallerMinGB=6, SmallestMinGB=0)
[2019.05.18-09.36.16:942][  0]LogInit: Setting Device Profile CVar: [[r.Vulkan.UseRealUBs:1]]
[2019.05.18-09.36.16:942][  0]LogInit: Going up to parent DeviceProfile []
[2019.05.18-09.36.16:942][  0]LogInit: Computer: LAPTOP-F08R7NP7
[2019.05.18-09.36.16:942][  0]LogInit: User: valen
[2019.05.18-09.36.16:942][  0]LogInit: CPU Page size=4096, Cores=4
[2019.05.18-09.36.16:942][  0]LogInit: High frequency timer resolution =2.742190 MHz
[2019.05.18-09.36.16:942][  0]LogMemory: Memory total: Physical=15.9GB (16GB approx)
[2019.05.18-09.36.16:942][  0]LogMemory: Platform Memory Stats for Windows
[2019.05.18-09.36.16:942][  0]LogMemory: Process Physical Memory: 102.96 MB used, 102.96 MB peak
[2019.05.18-09.36.16:942][  0]LogMemory: Process Virtual Memory: 102.93 MB used, 102.93 MB peak
[2019.05.18-09.36.16:942][  0]LogMemory: Physical Memory: 6825.95 MB used,  9450.21 MB free, 16276.16 MB total
[2019.05.18-09.36.16:942][  0]LogMemory: Virtual Memory: 4638.57 MB used,  9450.21 MB free, 134217728.00 MB total
[2019.05.18-09.36.16:970][  0]LogInit: Using OS detected language (it-IT).
[2019.05.18-09.36.16:970][  0]LogInit: Using OS detected locale (it-IT).
[2019.05.18-09.36.16:972][  0]LogTextLocalizationManager: No specific localization for 'it-IT' exists, so the 'it' localization will be used.
[2019.05.18-09.36.16:975][  0]LogStreaming: Display: Took  0.005s to InitEngineTextLocalization.
[2019.05.18-09.36.16:975][  0]LogInit: Setting process to per monitor DPI aware
[2019.05.18-09.36.17:018][  0]LogSlate: New Slate User Created.  User Index 0, Is Virtual User: 0
[2019.05.18-09.36.17:018][  0]LogSlate: Slate User Registered.  User Index 0, Is Virtual User: 0
[2019.05.18-09.36.17:341][  0]LogHMD: Failed to initialize OpenVR with code 110
[2019.05.18-09.36.17:341][  0]LogD3D11RHI: D3D11 adapters:
[2019.05.18-09.36.17:399][  0]LogD3D11RHI:    0. 'NVIDIA GeForce GTX 1050 Ti' (Feature Level 11_0)
[2019.05.18-09.36.17:399][  0]LogD3D11RHI:       4021/0/8138 MB DedicatedVideo/DedicatedSystem/SharedSystem, Outputs:1, VendorId:0x10de
[2019.05.18-09.36.17:413][  0]LogD3D11RHI:    1. 'Intel(R) HD Graphics 630' (Feature Level 11_0)
[2019.05.18-09.36.17:413][  0]LogD3D11RHI:       128/0/8138 MB DedicatedVideo/DedicatedSystem/SharedSystem, Outputs:0, VendorId:0x8086
[2019.05.18-09.36.17:416][  0]LogD3D11RHI:    2. 'Microsoft Basic Render Driver' (Feature Level 11_0)
[2019.05.18-09.36.17:416][  0]LogD3D11RHI:       0/0/8138 MB DedicatedVideo/DedicatedSystem/SharedSystem, Outputs:0, VendorId:0x1414
[2019.05.18-09.36.17:416][  0]LogD3D11RHI: Chosen D3D11 Adapter: 0
[2019.05.18-09.36.17:444][  0]LogD3D11RHI: Creating new Direct3DDevice
[2019.05.18-09.36.17:444][  0]LogD3D11RHI:     GPU DeviceId: 0x1c8c (for the marketing name, search the web for "GPU Device Id")
[2019.05.18-09.36.17:444][  0]LogWindows: EnumDisplayDevices:
[2019.05.18-09.36.17:444][  0]LogWindows:    0. 'Intel(R) HD Graphics 630' (P:1 D:1)
[2019.05.18-09.36.17:444][  0]LogWindows:    1. 'Intel(R) HD Graphics 630' (P:0 D:0)
[2019.05.18-09.36.17:445][  0]LogWindows:    2. 'Intel(R) HD Graphics 630' (P:0 D:0)
[2019.05.18-09.36.17:445][  0]LogWindows: DebugString: PrimaryIsNotTheChoosenAdapter PrimaryIsNotTheChoosenAdapter PrimaryIsNotTheChoosenAdapter FoundDriverCount:0 
[2019.05.18-09.36.17:445][  0]LogD3D11RHI:     Adapter Name: NVIDIA GeForce GTX 1050 Ti
[2019.05.18-09.36.17:445][  0]LogD3D11RHI:   Driver Version: Unknown (internal:Unknown, unified:Unknown)
[2019.05.18-09.36.17:445][  0]LogD3D11RHI:      Driver Date: Unknown
[2019.05.18-09.36.17:445][  0]LogRHI: Texture pool is 2814 MB (70% of 4021 MB)
[2019.05.18-09.36.17:480][  0]LogD3D11RHI: Async texture creation enabled
[2019.05.18-09.36.17:497][  0]LogD3D11RHI: GPU Timing Frequency: 1000.000000 (Debug: 2 2)
[2019.05.18-09.36.17:501][  0]LogShaderCompilers: Guid format shader working directory is 18 characters bigger than the processId version (D:/Unreal Engine 4/SpellEmUp/Intermediate/Shaders/WorkingDirectory/9756/).
[2019.05.18-09.36.17:501][  0]LogShaderCompilers: Cleaned the shader compiler working directory 'C:/Users/valen/AppData/Local/Temp/UnrealShaderWorkingDir/39C279B34BE1A8A5D4205B99B54270F0/'.
[2019.05.18-09.36.17:839][  0]LogTemp: Display: Loaded TP AllDesktopTargetPlatform
[2019.05.18-09.36.17:854][  0]LogTemp: Display: Loaded TP MacClientTargetPlatform
[2019.05.18-09.36.17:868][  0]LogTemp: Display: Loaded TP MacNoEditorTargetPlatform
[2019.05.18-09.36.17:883][  0]LogTemp: Display: Loaded TP MacServerTargetPlatform
[2019.05.18-09.36.17:900][  0]LogTemp: Display: Loaded TP MacTargetPlatform
[2019.05.18-09.36.17:917][  0]LogTemp: Display: Loaded TP WindowsClientTargetPlatform
[2019.05.18-09.36.17:933][  0]LogTemp: Display: Loaded TP WindowsNoEditorTargetPlatform
[2019.05.18-09.36.17:948][  0]LogTemp: Display: Loaded TP WindowsServerTargetPlatform
[2019.05.18-09.36.17:956][  0]LogTemp: Display: Loaded TP WindowsTargetPlatform
[2019.05.18-09.36.18:040][  0]LogTemp: Display: Loaded TP AndroidTargetPlatform
[2019.05.18-09.36.18:040][  0]LogTemp: Display: Loaded TP AndroidTargetPlatform
[2019.05.18-09.36.18:040][  0]LogTemp: Display: Loaded TP AndroidTargetPlatform
[2019.05.18-09.36.18:040][  0]LogTemp: Display: Loaded TP AndroidTargetPlatform
[2019.05.18-09.36.18:040][  0]LogTemp: Display: Loaded TP AndroidTargetPlatform
[2019.05.18-09.36.18:040][  0]LogTemp: Display: Loaded TP AndroidTargetPlatform
[2019.05.18-09.36.18:040][  0]LogTemp: Display: Loaded TP AndroidTargetPlatform
[2019.05.18-09.36.18:040][  0]LogTemp: Display: Loaded TP AndroidTargetPlatform
[2019.05.18-09.36.18:040][  0]LogTemp: Display: Loaded TP AndroidTargetPlatform
[2019.05.18-09.36.18:040][  0]LogTemp: Display: Loaded TP AndroidTargetPlatform
[2019.05.18-09.36.18:040][  0]LogTemp: Display: Loaded TP AndroidTargetPlatform
[2019.05.18-09.36.18:040][  0]LogTemp: Display: Loaded TP AndroidTargetPlatform
[2019.05.18-09.36.18:040][  0]LogTemp: Display: Loaded TP AndroidTargetPlatform
[2019.05.18-09.36.18:040][  0]LogTemp: Display: Loaded TP AndroidTargetPlatform
[2019.05.18-09.36.18:040][  0]LogTemp: Display: Loaded TP AndroidTargetPlatform
[2019.05.18-09.36.18:040][  0]LogTemp: Display: Loaded TP AndroidTargetPlatform
[2019.05.18-09.36.18:040][  0]LogTemp: Display: Loaded TP AndroidTargetPlatform
[2019.05.18-09.36.18:040][  0]LogTemp: Display: Loaded TP AndroidTargetPlatform
[2019.05.18-09.36.18:042][  0]LogTemp: Display: Loaded TP HTML5TargetPlatform
[2019.05.18-09.36.18:105][  0]LogTemp: Display: Loaded TP IOSTargetPlatform
[2019.05.18-09.36.18:105][  0]LogTemp: Display: Loaded TP IOSTargetPlatform
[2019.05.18-09.36.18:130][  0]LogTemp: Display: Loaded TP TVOSTargetPlatform
[2019.05.18-09.36.18:130][  0]LogTemp: Display: Loaded TP TVOSTargetPlatform
[2019.05.18-09.36.18:143][  0]LogTemp: Display: Loaded TP LinuxClientTargetPlatform
[2019.05.18-09.36.18:156][  0]LogTemp: Display: Loaded TP LinuxNoEditorTargetPlatform
[2019.05.18-09.36.18:169][  0]LogTemp: Display: Loaded TP LinuxServerTargetPlatform
[2019.05.18-09.36.18:183][  0]LogTemp: Display: Loaded TP LinuxTargetPlatform
[2019.05.18-09.36.18:192][  0]LogTemp: Display: Loaded TP LuminTargetPlatform
[2019.05.18-09.36.18:192][  0]LogTargetPlatformManager: Display: Building Assets For Windows
[2019.05.18-09.36.18:275][  0]LogXGEController: Cannot use XGE Controller as Incredibuild is not installed on this machine.
[2019.05.18-09.36.18:275][  0]LogShaderCompilers: Cannot use XGE Shader Compiler as Incredibuild is not installed on this machine.
[2019.05.18-09.36.18:275][  0]LogShaderCompilers: Display: Using Local Shader Compiler.
[2019.05.18-09.36.19:178][  0]LogDerivedDataCache: Display: Max Cache Size: 512 MB
[2019.05.18-09.36.19:231][  0]LogDerivedDataCache: Loaded boot cache 0.05s 71MB C:/Users/valen/AppData/Local/UnrealEngine/4.20/DerivedDataCache/Boot.ddc.
[2019.05.18-09.36.19:231][  0]LogDerivedDataCache: Display: Loaded Boot cache: C:/Users/valen/AppData/Local/UnrealEngine/4.20/DerivedDataCache/Boot.ddc
[2019.05.18-09.36.19:231][  0]LogDerivedDataCache: FDerivedDataBackendGraph:  Pak pak cache file D:/Unreal Engine 4/SpellEmUp/DerivedDataCache/DDC.ddp not found, will not use a pak cache.
[2019.05.18-09.36.19:231][  0]LogDerivedDataCache: Unable to find inner node Pak for hierarchical cache Hierarchy.
[2019.05.18-09.36.19:231][  0]LogDerivedDataCache: FDerivedDataBackendGraph:  CompressedPak pak cache file D:/Unreal Engine 4/SpellEmUp/DerivedDataCache/Compressed.ddp not found, will not use a pak cache.
[2019.05.18-09.36.19:231][  0]LogDerivedDataCache: Unable to find inner node CompressedPak for hierarchical cache Hierarchy.
[2019.05.18-09.36.19:246][  0]LogDerivedDataCache: Display: Pak cache opened for reading ../../../Engine/DerivedDataCache/Compressed.ddp.
[2019.05.18-09.36.19:260][  0]LogDerivedDataCache: Using Local data cache path C:/Users/valen/AppData/Local/UnrealEngine/Common/DerivedDataCache: Writable
[2019.05.18-09.36.19:260][  0]LogDerivedDataCache: Shared data cache path not found in *engine.ini, will not use an Shared cache.
[2019.05.18-09.36.19:260][  0]LogDerivedDataCache: Unable to find inner node Shared for hierarchical cache Hierarchy.
[2019.05.18-09.36.19:278][  0]LogMaterial: Verifying Global Shaders for PCD3D_SM5
[2019.05.18-09.36.19:279][  0]LogSlate: Using FreeType 2.6.0
[2019.05.18-09.36.19:280][  0]LogSlate: SlateFontServices - WITH_FREETYPE: 1, WITH_HARFBUZZ: 1
[2019.05.18-09.36.19:373][  0]LogAssetRegistry: FAssetRegistry took 0.0261 seconds to start up
[2019.05.18-09.36.19:704][  0]LogInit: Selected Device Profile: [Windows]
[2019.05.18-09.36.19:861][  0]LogSimplygon: Simplygon DLL not present - disabling.
[2019.05.18-09.36.19:866][  0]LogMeshReduction: Using SimplygonSwarm for distributed automatic mesh merging
[2019.05.18-09.36.19:866][  0]LogMeshReduction: Using ProxyLODMeshReduction for automatic mesh merging
[2019.05.18-09.36.19:866][  0]LogMeshReduction: Using QuadricMeshReduction for automatic static mesh reduction
[2019.05.18-09.36.19:866][  0]LogMeshReduction: No automatic skeletal mesh reduction module available
[2019.05.18-09.36.19:884][  0]LogNetVersion: Movement2_5D 1.0.0, NetCL: 4212847, EngineNetVer: 5, GameNetVer: 0 (Checksum: 394905183)
[2019.05.18-09.36.20:471][  0]LogPackageLocalizationCache: Processed 11 localized package path(s) for 2 prioritized culture(s) in 0.127187 seconds
[2019.05.18-09.36.20:477][  0]LogUObjectArray: 38425 objects as part of root set at end of initial load.
[2019.05.18-09.36.20:477][  0]LogUObjectAllocator: 6690872 out of 0 bytes used by permanent object pool.
[2019.05.18-09.36.20:477][  0]LogUObjectArray: CloseDisregardForGC: 0/0 objects in disregard for GC pool
[2019.05.18-09.36.21:694][  0]LogTcpMessaging: Initializing TcpMessaging bridge
[2019.05.18-09.36.21:706][  0]LogUdpMessaging: Initializing bridge on interface 0.0.0.0:0 to multicast group 230.0.0.1:6666.
[2019.05.18-09.36.21:885][  0]SourceControl: Source control is disabled
[2019.05.18-09.36.21:885][  0]SourceControl: Source control is disabled
[2019.05.18-09.36.21:887][  0]SourceControl: Source control is disabled
[2019.05.18-09.36.21:889][  0]SourceControl: Source control is disabled
[2019.05.18-09.36.22:091][  0]LogAndroidPermission: UAndroidPermissionCallbackProxy::GetInstance
[2019.05.18-09.36.22:149][  0]LogOcInput: OculusInput pre-init called
[2019.05.18-09.36.22:214][  0]LogEngine: Initializing Engine...
[2019.05.18-09.36.22:215][  0]LogHMD: Failed to initialize OpenVR with code 110
[2019.05.18-09.36.22:217][  0]LogStats: UGameplayTagsManager::ConstructGameplayTagTree: ImportINI prefixes -  0.000 s
[2019.05.18-09.36.22:217][  0]LogStats: UGameplayTagsManager::ConstructGameplayTagTree: Construct from data asset -  0.000 s
[2019.05.18-09.36.22:217][  0]LogStats: UGameplayTagsManager::ConstructGameplayTagTree: ImportINI -  0.000 s
[2019.05.18-09.36.22:217][  0]LogStats: UGameplayTagsManager::ConstructGameplayTagTree: GameplayTagTreeChangedEvent.Broadcast -  0.000 s
[2019.05.18-09.36.22:446][  0]LogInit: Initializing FReadOnlyCVARCache
[2019.05.18-09.36.22:461][  0]LogAIModule: Creating AISystem for world Untitled
[2019.05.18-09.36.22:469][  0]LogInit: XAudio2 using 'Speakers (Realtek High Definition Audio)' : 2 channels at 48 kHz using 32 bits per sample (channel mask 0x3)
[2019.05.18-09.36.22:528][  0]LogInit: FAudioDevice initialized.
[2019.05.18-09.36.22:528][  0]LogNetVersion: Set ProjectVersion to 1.0.0.0. Version Checksum will be recalculated on next use.
[2019.05.18-09.36.22:646][  0]LogDerivedDataCache: Saved boot cache 0.12s 71MB C:/Users/valen/AppData/Local/UnrealEngine/4.20/DerivedDataCache/Boot.ddc.
[2019.05.18-09.36.22:647][  0]LogInit: Texture streaming: Enabled
[2019.05.18-09.36.22:670][  0]LogEngineSessionManager: EngineSessionManager initialized
[2019.05.18-09.36.22:686][  0]LogInit: Transaction tracking system initialized
[2019.05.18-09.36.22:719][  0]BlueprintLog: New page: Editor Load
[2019.05.18-09.36.22:819][  0]LocalizationService: Localization service is disabled
[2019.05.18-09.36.22:892][  0]LogLinker: Warning: Can't find file '/Game/FirstPersonBP/FirstPersonOverview'
[2019.05.18-09.36.22:892][  0]LogLinker: Warning: Can't find file '/Game/FirstPersonBP/FirstPersonOverview'
[2019.05.18-09.36.22:892][  0]LogUObjectGlobals: Warning: Failed to find object 'Class /Game/FirstPersonBP/FirstPersonOverview.FirstPersonOverview_C'
[2019.05.18-09.36.23:136][  0]LogCook: Display: Max memory allowance for cook 16384mb min free memory 0mb
[2019.05.18-09.36.23:136][  0]LogCook: Display: Mobile HDR setting 1
[2019.05.18-09.36.23:136][  0]LogGameplayTags: Display: UGameplayTagsManager::DoneAddingNativeTags. DelegateIsBound: 0
[2019.05.18-09.36.23:136][  0]LogStats: UGameplayTagsManager::ConstructGameplayTagTree: ImportINI prefixes -  0.000 s
[2019.05.18-09.36.23:136][  0]LogStats: UGameplayTagsManager::ConstructGameplayTagTree: Construct from data asset -  0.000 s
[2019.05.18-09.36.23:136][  0]LogStats: UGameplayTagsManager::ConstructGameplayTagTree: ImportINI -  0.000 s
[2019.05.18-09.36.23:136][  0]LogStats: UGameplayTagsManager::ConstructGameplayTagTree: GameplayTagTreeChangedEvent.Broadcast -  0.000 s
[2019.05.18-09.36.23:287][  0]LogFileCache: Scanning file cache for directory 'D:/Unreal Engine 4/SpellEmUp/Content/' took 0.02s
[2019.05.18-09.36.23:288][  0]SourceControl: Source control is disabled
[2019.05.18-09.36.23:288][  0]Cmd: MAP LOAD FILE="D:/Unreal Engine 4/SpellEmUp/Content/Maps/TestMap.umap" TEMPLATE=0 SHOWPROGRESS=1 FEATURELEVEL=3
[2019.05.18-09.36.23:288][  0]LightingResults: New page: Lighting Build
[2019.05.18-09.36.23:292][  0]MapCheck: New page: Map Check
[2019.05.18-09.36.23:292][  0]LightingResults: New page: Lighting Build
[2019.05.18-09.36.24:206][  0]LogAIModule: Creating AISystem for world TestMap
[2019.05.18-09.36.24:215][  0]LogEditorServer: Finished looking for orphan Actors (0.000 secs)
[2019.05.18-09.36.24:239][  0]Cmd: MAP CHECKDEP NOCLEARLOG
[2019.05.18-09.36.24:395][  0]MapCheck: Map check complete: 0 Error(s), 0 Warning(s), took 155,139ms to complete.
[2019.05.18-09.36.24:395][  0]LogFileHelpers: Loading map 'TestMap' took 1.107
[2019.05.18-09.36.24:499][  0]LogSlate: Updating window title bar state: overlay mode, drag disabled, window buttons hidden, title bar hidden
[2019.05.18-09.36.24:510][  0]LogSlate: Updating window title bar state: overlay mode, drag disabled, window buttons hidden, title bar hidden
[2019.05.18-09.36.24:519][  0]LogSlate: Updating window title bar state: overlay mode, drag disabled, window buttons hidden, title bar hidden
[2019.05.18-09.36.24:526][  0]LogSlate: Updating window title bar state: overlay mode, drag disabled, window buttons hidden, title bar hidden
[2019.05.18-09.36.24:536][  0]LogCollectionManager: Loaded 0 collections in 0.003368 seconds
[2019.05.18-09.36.24:580][  0]LogFileCache: Scanning file cache for directory 'D:/Unreal Engine 4/SpellEmUp/Saved/Collections/' took 0.01s
[2019.05.18-09.36.24:580][  0]LogFileCache: Scanning file cache for directory 'D:/Unreal Engine 4/SpellEmUp/Content/Developers/valen/Collections/' took 0.01s
[2019.05.18-09.36.24:580][  0]LogFileCache: Scanning file cache for directory 'D:/Unreal Engine 4/SpellEmUp/Content/Collections/' took 0.01s
[2019.05.18-09.36.24:580][  0]LogCollectionManager: Rebuilt the GUID cache for 0 collections in 0.000000 seconds
[2019.05.18-09.36.24:589][  0]LogContentBrowser: Native class hierarchy populated in 0.0090 seconds. Added 2572 classes and 603 folders.
[2019.05.18-09.36.24:596][  0]LogContentBrowser: Native class hierarchy updated for 'WidgetCarousel' in 0.0003 seconds. Added 0 classes and 0 folders.
[2019.05.18-09.36.24:687][  0]LogContentBrowser: Native class hierarchy updated for 'AddContentDialog' in 0.0004 seconds. Added 0 classes and 0 folders.
[2019.05.18-09.36.24:694][  0]LogContentBrowser: Native class hierarchy updated for 'SceneOutliner' in 0.0004 seconds. Added 1 classes and 2 folders.
[2019.05.18-09.36.24:765][  0]LogSlate: Took 0.000360 seconds to synchronously load lazily loaded font '../../../Engine/Content/Slate/Fonts/Roboto-Regular.ttf' (155K)
[2019.05.18-09.36.24:768][  0]LogSlate: Took 0.000457 seconds to synchronously load lazily loaded font '../../../Engine/Content/Slate/Fonts/Roboto-Bold.ttf' (160K)
[2019.05.18-09.36.24:776][  0]LogSlate: Took 0.000420 seconds to synchronously load lazily loaded font '../../../Engine/Content/Editor/Slate/Fonts/FontAwesome.ttf' (139K)
[2019.05.18-09.36.24:861][  0]LogRenderer: Reallocating scene render targets to support 984x448 Format 10 NumSamples 1 (Frame:1).
[2019.05.18-09.36.24:906][  0]LogSlate: Took 0.000221 seconds to synchronously load lazily loaded font '../../../Engine/Content/Slate/Fonts/Roboto-Light.ttf' (167K)
[2019.05.18-09.36.24:989][  0]LogContentBrowser: Native class hierarchy updated for 'HierarchicalLODOutliner' in 0.0003 seconds. Added 0 classes and 0 folders.
[2019.05.18-09.36.24:989][  0]LogLoad: (Engine Initialization) Total time: 10.80 seconds
[2019.05.18-09.36.24:989][  0]LogLoad: (Engine Initialization) Total Blueprint compile time: 0.00 seconds
[2019.05.18-09.36.25:007][  0]LogWindowsTextInputMethodSystem: Display: IME system now deactivated.
[2019.05.18-09.36.25:029][  0]LogContentStreaming: Texture pool size now 1000 MB
[2019.05.18-09.36.25:113][  1]LogAssetRegistry: Asset discovery search completed in 5.7633 seconds
[2019.05.18-09.36.25:115][  1]LogCollectionManager: Rebuilt the object cache for 0 collections in 0.000000 seconds (found 0 objects)
[2019.05.18-09.36.25:115][  1]LogCollectionManager: Fixed up redirectors for 0 collections in 0.000058 seconds (updated 0 objects)
[2019.05.18-09.36.26:037][ 55]LogSlate: Took 0.000356 seconds to synchronously load lazily loaded font '../../../Engine/Content/Slate/Fonts/Roboto-Light.ttf' (167K)
[2019.05.18-09.36.27:652][152]LogEditorViewport: Clicking on Actor (LMB): BP_Sky_Sphere_C (Sky Sphere)
[2019.05.18-09.36.31:200][363]LogSlate: FSceneViewport::OnFocusLost() reason 0
[2019.05.18-09.36.33:171][480]LogAssetEditorManager: Opening Asset editor for PaperFlipbook /Game/Sprites/Sprites/Enemy_Test.Enemy_Test
[2019.05.18-09.36.38:173][770]LogSlate: Window 'Enemy_Test' being destroyed
[2019.05.18-09.36.38:180][770]LogSlate: Window 'Enemy_Test' being destroyed
[2019.05.18-09.36.56:656][874]LogAssetEditorManager: Opening Asset editor for Blueprint /Game/Blueprints/Enemies/Fodder/FodderEnemy_BP.FodderEnemy_BP
[2019.05.18-09.36.57:143][874]LogContentBrowser: Native class hierarchy updated for 'BlueprintGraph' in 0.0006 seconds. Added 116 classes and 0 folders.
[2019.05.18-09.36.57:918][874]LogSlate: Took 0.000517 seconds to synchronously load lazily loaded font '../../../Engine/Content/Slate/Fonts/Roboto-BoldCondensed.ttf' (158K)
[2019.05.18-09.36.57:996][875]LogSlate: Took 0.000508 seconds to synchronously load lazily loaded font '../../../Engine/Content/Slate/Fonts/Roboto-Italic.ttf' (157K)
[2019.05.18-09.36.59:586][968]LogRenderer: Reallocating scene render targets to support 984x636 Format 10 NumSamples 1 (Frame:1).
[2019.05.18-09.38.16:862][587]BlueprintLog: New page: Compile FodderEnemy_BP
[2019.05.18-09.38.21:727][868]LogTemp: Repeating last play command: Selected Viewport
[2019.05.18-09.38.21:759][868]LogBlueprintUserMessages: Early PlayInEditor Detection: Level '/Game/Maps/TestMap.TestMap:PersistentLevel' has LevelScriptBlueprint '/Game/Maps/TestMap.TestMap:PersistentLevel.TestMap' with GeneratedClass '/Game/Maps/TestMap.TestMap_C' with ClassGeneratedBy '/Game/Maps/TestMap.TestMap:PersistentLevel.TestMap'
[2019.05.18-09.38.21:760][868]LogPlayLevel: PlayLevel: No blueprints needed recompiling
[2019.05.18-09.38.21:773][868]PIE: New page: PIE session: TestMap (18/mag/2019 13:38:21)
[2019.05.18-09.38.21:773][868]LogPlayLevel: Creating play world package: /Game/Maps/UEDPIE_0_TestMap
[2019.05.18-09.38.21:779][868]LogPlayLevel: PIE: StaticDuplicateObject took: (0.005228s)
[2019.05.18-09.38.21:780][868]LogAIModule: Creating AISystem for world TestMap
[2019.05.18-09.38.21:780][868]LogPlayLevel: PIE: World Init took: (0.001155s)
[2019.05.18-09.38.21:780][868]LogPlayLevel: PIE: Created PIE world by copying editor world from /Game/Maps/TestMap.TestMap to /Game/Maps/UEDPIE_0_TestMap.TestMap (0.006610s)
[2019.05.18-09.38.21:804][868]LogInit: XAudio2 using 'Speakers (Realtek High Definition Audio)' : 2 channels at 48 kHz using 32 bits per sample (channel mask 0x3)
[2019.05.18-09.38.21:825][868]LogInit: FAudioDevice initialized.
[2019.05.18-09.38.21:869][868]LogLoad: Game class is 'Movement2_5D_GM_C'
[2019.05.18-09.38.21:872][868]LogWorld: Bringing World /Game/Maps/UEDPIE_0_TestMap.TestMap up for play (max tick rate 60) at 2019.05.18-11.38.21
[2019.05.18-09.38.21:878][868]LogWorld: Bringing up level for play took: 0.007354
[2019.05.18-09.38.21:900][868]LogContentBrowser: Native class hierarchy updated for 'MovieSceneCapture' in 0.0004 seconds. Added 10 classes and 0 folders.
[2019.05.18-09.38.21:909][868]PIE: Play in editor start time for /Game/Maps/UEDPIE_0_TestMap -0,325
[2019.05.18-09.38.21:910][868]LogBlueprintUserMessages: Late PlayInEditor Detection: Level '/Game/Maps/TestMap.TestMap:PersistentLevel' has LevelScriptBlueprint '/Game/Maps/TestMap.TestMap:PersistentLevel.TestMap' with GeneratedClass '/Game/Maps/TestMap.TestMap_C' with ClassGeneratedBy '/Game/Maps/TestMap.TestMap:PersistentLevel.TestMap'
[2019.05.18-09.38.24:325][ 11]LogBlueprintUserMessages: [Ranged_BP_6] Ranged attack19.0
[2019.05.18-09.38.26:522][143]LogBlueprintUserMessages: [Ranged_BP_6] Ranged attack18.0
[2019.05.18-09.38.28:790][279]LogBlueprintUserMessages: [Ranged_BP_6] Ranged attack17.0
[2019.05.18-09.38.30:857][403]LogBlueprintUserMessages: [Ranged_BP_6] Ranged attack16.0
[2019.05.18-09.38.33:057][535]LogBlueprintUserMessages: [Ranged_BP_6] Ranged attack15.0
[2019.05.18-09.38.35:125][659]LogBlueprintUserMessages: [Ranged_BP_6] Ranged attack14.0
[2019.05.18-09.38.39:425][917]LogBlueprintUserMessages: [Fodder11_31] Fodder attack13.0
[2019.05.18-09.38.42:042][ 74]LogBlueprintUserMessages: Early EndPlayMap Detection: Level '/Game/Maps/TestMap.TestMap:PersistentLevel' has LevelScriptBlueprint '/Game/Maps/TestMap.TestMap:PersistentLevel.TestMap' with GeneratedClass '/Game/Maps/TestMap.TestMap_C' with ClassGeneratedBy '/Game/Maps/TestMap.TestMap:PersistentLevel.TestMap'
[2019.05.18-09.38.42:045][ 74]LogSlate: Updating window title bar state: overlay mode, drag disabled, window buttons hidden, title bar hidden
[2019.05.18-09.38.42:082][ 74]LogPlayLevel: Display: Shutting down PIE online subsystems
[2019.05.18-09.38.42:082][ 74]LogBlueprintUserMessages: Late EndPlayMap Detection: Level '/Game/Maps/TestMap.TestMap:PersistentLevel' has LevelScriptBlueprint '/Game/Maps/TestMap.TestMap:PersistentLevel.TestMap' with GeneratedClass '/Game/Maps/TestMap.TestMap_C' with ClassGeneratedBy '/Game/Maps/TestMap.TestMap:PersistentLevel.TestMap'
[2019.05.18-09.38.42:121][ 74]LogSlate: Updating window title bar state: overlay mode, drag disabled, window buttons hidden, title bar hidden
[2019.05.18-09.38.42:143][ 75]LogPlayLevel: Display: Destroying online subsystem :Context_6
[2019.05.18-09.38.44:078][191]LogSlate: FSceneViewport::OnFocusLost() reason 0
[2019.05.18-09.39.04:376][404]BlueprintLog: New page: Compile FodderEnemy_BP
[2019.05.18-09.39.31:095][993]BlueprintLog: New page: Compile FodderEnemy_BP
[2019.05.18-09.39.52:197][247]LogSlate: FSceneViewport::OnFocusLost() reason 0
[2019.05.18-09.40.09:507][284]LogEditorTransaction: Undo Modify Component(s)
[2019.05.18-09.40.13:685][532]LogSlate: FSceneViewport::OnFocusLost() reason 0
[2019.05.18-09.40.36:417][894]LogSlate: FSceneViewport::OnFocusLost() reason 0
[2019.05.18-09.40.45:800][453]LogSlate: FSceneViewport::OnFocusLost() reason 0
[2019.05.18-09.41.28:332][  2]BlueprintLog: New page: Compile FodderEnemy_BP
[2019.05.18-09.41.33:537][304]LogEditorViewport: Clicking on Actor (LMB): FodderEnemy_BP_C (Fodder11)
[2019.05.18-09.41.36:778][494]LogSlate: FSceneViewport::OnFocusLost() reason 0
[2019.05.18-09.41.36:844][498]LogTemp: Repeating last play command: Selected Viewport
[2019.05.18-09.41.36:871][498]LogBlueprintUserMessages: Early PlayInEditor Detection: Level '/Game/Maps/TestMap.TestMap:PersistentLevel' has LevelScriptBlueprint '/Game/Maps/TestMap.TestMap:PersistentLevel.TestMap' with GeneratedClass '/Game/Maps/TestMap.TestMap_C' with ClassGeneratedBy '/Game/Maps/TestMap.TestMap:PersistentLevel.TestMap'
[2019.05.18-09.41.36:871][498]LogPlayLevel: PlayLevel: No blueprints needed recompiling
[2019.05.18-09.41.36:872][498]PIE: New page: PIE session: TestMap (18/mag/2019 13:41:36)
[2019.05.18-09.41.36:872][498]LogPlayLevel: Creating play world package: /Game/Maps/UEDPIE_0_TestMap
[2019.05.18-09.41.36:876][498]LogPlayLevel: PIE: StaticDuplicateObject took: (0.004554s)
[2019.05.18-09.41.36:878][498]LogAIModule: Creating AISystem for world TestMap
[2019.05.18-09.41.36:878][498]LogPlayLevel: PIE: World Init took: (0.001485s)
[2019.05.18-09.41.36:878][498]LogPlayLevel: PIE: Created PIE world by copying editor world from /Game/Maps/TestMap.TestMap to /Game/Maps/UEDPIE_0_TestMap.TestMap (0.006364s)
[2019.05.18-09.41.36:909][498]LogInit: XAudio2 using 'Speakers (Realtek High Definition Audio)' : 2 channels at 48 kHz using 32 bits per sample (channel mask 0x3)
[2019.05.18-09.41.36:929][498]LogInit: FAudioDevice initialized.
[2019.05.18-09.41.36:965][498]LogLoad: Game class is 'Movement2_5D_GM_C'
[2019.05.18-09.41.36:967][498]LogWorld: Bringing World /Game/Maps/UEDPIE_0_TestMap.TestMap up for play (max tick rate 60) at 2019.05.18-11.41.36
[2019.05.18-09.41.36:969][498]LogWorld: Bringing up level for play took: 0.002733
[2019.05.18-09.41.36:984][498]PIE: Play in editor start time for /Game/Maps/UEDPIE_0_TestMap 0,75
[2019.05.18-09.41.36:984][498]LogBlueprintUserMessages: Late PlayInEditor Detection: Level '/Game/Maps/TestMap.TestMap:PersistentLevel' has LevelScriptBlueprint '/Game/Maps/TestMap.TestMap:PersistentLevel.TestMap' with GeneratedClass '/Game/Maps/TestMap.TestMap_C' with ClassGeneratedBy '/Game/Maps/TestMap.TestMap:PersistentLevel.TestMap'
[2019.05.18-09.41.38:317][577]LogBlueprintUserMessages: [Ranged_BP_6] Ranged attack19.0
[2019.05.18-09.41.43:792][905]LogBlueprintUserMessages: [Ranged_BP_6] Ranged attack18.0
[2019.05.18-09.41.46:325][ 57]LogBlueprintUserMessages: [Ranged_BP_6] Ranged attack17.0
[2019.05.18-09.41.48:426][183]LogBlueprintUserMessages: Early EndPlayMap Detection: Level '/Game/Maps/TestMap.TestMap:PersistentLevel' has LevelScriptBlueprint '/Game/Maps/TestMap.TestMap:PersistentLevel.TestMap' with GeneratedClass '/Game/Maps/TestMap.TestMap_C' with ClassGeneratedBy '/Game/Maps/TestMap.TestMap:PersistentLevel.TestMap'
[2019.05.18-09.41.48:426][183]LogSlate: Updating window title bar state: overlay mode, drag disabled, window buttons hidden, title bar hidden
[2019.05.18-09.41.48:468][183]LogPlayLevel: Display: Shutting down PIE online subsystems
[2019.05.18-09.41.48:468][183]LogBlueprintUserMessages: Late EndPlayMap Detection: Level '/Game/Maps/TestMap.TestMap:PersistentLevel' has LevelScriptBlueprint '/Game/Maps/TestMap.TestMap:PersistentLevel.TestMap' with GeneratedClass '/Game/Maps/TestMap.TestMap_C' with ClassGeneratedBy '/Game/Maps/TestMap.TestMap:PersistentLevel.TestMap'
[2019.05.18-09.41.48:496][183]LogSlate: Updating window title bar state: overlay mode, drag disabled, window buttons hidden, title bar hidden
[2019.05.18-09.41.48:540][186]LogPlayLevel: Display: Destroying online subsystem :Context_7
[2019.05.18-09.41.57:006][484]LogSlate: Window 'Save Content' being destroyed
[2019.05.18-09.41.57:011][484]LogPlayLevel: Warning: PIE failed because map save was canceled
[2019.05.18-09.41.57:011][484]PIE: Warning: PIE failed because map save was canceled
[2019.05.18-09.41.59:170][613]LogSlate: Window 'Message Log' being destroyed
[2019.05.18-09.41.59:175][613]LogSlate: Window 'Message Log' being destroyed
[2019.05.18-09.42.01:070][727]LogTemp: Repeating last play command: Standalone Game
[2019.05.18-09.42.02:851][727]LogSlate: Window 'Save Content' being destroyed
[2019.05.18-09.42.02:857][727]LogPlayLevel: Warning: PIE failed because map save was canceled
[2019.05.18-09.42.02:857][727]PIE: Warning: PIE failed because map save was canceled
[2019.05.18-09.42.04:076][800]LogSlate: Window 'Message Log' being destroyed
[2019.05.18-09.42.04:081][800]LogSlate: Window 'Message Log' being destroyed
[2019.05.18-09.42.06:167][923]LogBlueprintUserMessages: Early PlayInEditor Detection: Level '/Game/Maps/TestMap.TestMap:PersistentLevel' has LevelScriptBlueprint '/Game/Maps/TestMap.TestMap:PersistentLevel.TestMap' with GeneratedClass '/Game/Maps/TestMap.TestMap_C' with ClassGeneratedBy '/Game/Maps/TestMap.TestMap:PersistentLevel.TestMap'
[2019.05.18-09.42.06:168][923]LogPlayLevel: PlayLevel: No blueprints needed recompiling
[2019.05.18-09.42.06:168][923]PIE: New page: PIE session: TestMap (18/mag/2019 13:42:06)
[2019.05.18-09.42.06:168][923]LogPlayLevel: Creating play world package: /Game/Maps/UEDPIE_0_TestMap
[2019.05.18-09.42.06:172][923]LogPlayLevel: PIE: StaticDuplicateObject took: (0.004165s)
[2019.05.18-09.42.06:173][923]LogAIModule: Creating AISystem for world TestMap
[2019.05.18-09.42.06:173][923]LogPlayLevel: PIE: World Init took: (0.001047s)
[2019.05.18-09.42.06:173][923]LogPlayLevel: PIE: Created PIE world by copying editor world from /Game/Maps/TestMap.TestMap to /Game/Maps/UEDPIE_0_TestMap.TestMap (0.005474s)
[2019.05.18-09.42.06:200][923]LogInit: XAudio2 using 'Speakers (Realtek High Definition Audio)' : 2 channels at 48 kHz using 32 bits per sample (channel mask 0x3)
[2019.05.18-09.42.06:220][923]LogInit: FAudioDevice initialized.
[2019.05.18-09.42.06:254][923]LogLoad: Game class is 'Movement2_5D_GM_C'
[2019.05.18-09.42.06:255][923]LogWorld: Bringing World /Game/Maps/UEDPIE_0_TestMap.TestMap up for play (max tick rate 60) at 2019.05.18-11.42.06
[2019.05.18-09.42.06:258][923]LogWorld: Bringing up level for play took: 0.003110
[2019.05.18-09.42.06:273][923]PIE: Play in editor start time for /Game/Maps/UEDPIE_0_TestMap 0,038
[2019.05.18-09.42.06:273][923]LogBlueprintUserMessages: Late PlayInEditor Detection: Level '/Game/Maps/TestMap.TestMap:PersistentLevel' has LevelScriptBlueprint '/Game/Maps/TestMap.TestMap:PersistentLevel.TestMap' with GeneratedClass '/Game/Maps/TestMap.TestMap_C' with ClassGeneratedBy '/Game/Maps/TestMap.TestMap:PersistentLevel.TestMap'
[2019.05.18-09.42.14:760][431]LogBlueprintUserMessages: [ElementalTome_C_0] Elemental light
[2019.05.18-09.42.16:509][536]LogBlueprintUserMessages: [ElementalTome_C_0] Elemental light
[2019.05.18-09.42.18:760][671]LogBlueprintUserMessages: [ElementalTome_C_0] Elemental light
[2019.05.18-09.42.19:126][693]LogScript: Warning: Script Msg: Attempted to access index 0 from array 'CallFunc_GetOverlappingActors_OverlappingActors' of length 0 in '/Game/Maps/TestMap.TestMap_C:ExecuteUbergraph_TestMap'!
[2019.05.18-09.42.19:126][693]LogBlueprintUserMessages: [TestMap_C_0] camera unlock
[2019.05.18-09.42.20:127][753]LogScript: Warning: Script Msg: Attempted to access index 0 from array 'CallFunc_GetOverlappingActors_OverlappingActors' of length 0 in '/Game/Maps/TestMap.TestMap_C:ExecuteUbergraph_TestMap'!
[2019.05.18-09.42.20:127][753]LogBlueprintUserMessages: [TestMap_C_0] camera unlock
[2019.05.18-09.42.21:126][813]LogScript: Warning: Script Msg: Attempted to access index 0 from array 'CallFunc_GetOverlappingActors_OverlappingActors' of length 0 in '/Game/Maps/TestMap.TestMap_C:ExecuteUbergraph_TestMap'!
[2019.05.18-09.42.21:126][813]LogBlueprintUserMessages: [TestMap_C_0] camera unlock
[2019.05.18-09.42.22:127][873]LogScript: Warning: Script Msg: Attempted to access index 0 from array 'CallFunc_GetOverlappingActors_OverlappingActors' of length 0 in '/Game/Maps/TestMap.TestMap_C:ExecuteUbergraph_TestMap'!
[2019.05.18-09.42.22:127][873]LogBlueprintUserMessages: [TestMap_C_0] camera unlock
[2019.05.18-09.42.22:744][910]LogBlueprintUserMessages: [ElementalTome_C_0] Elemental light
[2019.05.18-09.42.23:127][933]LogScript: Warning: Script Msg: Attempted to access index 0 from array 'CallFunc_GetOverlappingActors_OverlappingActors' of length 0 in '/Game/Maps/TestMap.TestMap_C:ExecuteUbergraph_TestMap'!
[2019.05.18-09.42.23:127][933]LogBlueprintUserMessages: [TestMap_C_0] camera unlock
[2019.05.18-09.42.24:127][993]LogScript: Warning: Script Msg: Attempted to access index 0 from array 'CallFunc_GetOverlappingActors_OverlappingActors' of length 0 in '/Game/Maps/TestMap.TestMap_C:ExecuteUbergraph_TestMap'!
[2019.05.18-09.42.24:127][993]LogBlueprintUserMessages: [TestMap_C_0] camera unlock
[2019.05.18-09.42.24:293][  3]LogBlueprintUserMessages: [ElementalTome_C_0] Elemental light
[2019.05.18-09.42.25:127][ 53]LogScript: Warning: Script Msg: Attempted to access index 0 from array 'CallFunc_GetOverlappingActors_OverlappingActors' of length 0 in '/Game/Maps/TestMap.TestMap_C:ExecuteUbergraph_TestMap'!
[2019.05.18-09.42.25:127][ 53]LogBlueprintUserMessages: [TestMap_C_0] camera unlock
[2019.05.18-09.42.26:127][113]LogScript: Warning: Script Msg: Attempted to access index 0 from array 'CallFunc_GetOverlappingActors_OverlappingActors' of length 0 in '/Game/Maps/TestMap.TestMap_C:ExecuteUbergraph_TestMap'!
[2019.05.18-09.42.26:127][113]LogBlueprintUserMessages: [TestMap_C_0] camera unlock
[2019.05.18-09.42.27:127][173]LogScript: Warning: Script Msg: Attempted to access index 0 from array 'CallFunc_GetOverlappingActors_OverlappingActors' of length 0 in '/Game/Maps/TestMap.TestMap_C:ExecuteUbergraph_TestMap'!
[2019.05.18-09.42.27:127][173]LogBlueprintUserMessages: [TestMap_C_0] camera unlock
[2019.05.18-09.42.27:828][215]LogBlueprintUserMessages: Early EndPlayMap Detection: Level '/Game/Maps/TestMap.TestMap:PersistentLevel' has LevelScriptBlueprint '/Game/Maps/TestMap.TestMap:PersistentLevel.TestMap' with GeneratedClass '/Game/Maps/TestMap.TestMap_C' with ClassGeneratedBy '/Game/Maps/TestMap.TestMap:PersistentLevel.TestMap'
[2019.05.18-09.42.27:828][215]LogSlate: Updating window title bar state: overlay mode, drag disabled, window buttons hidden, title bar hidden
[2019.05.18-09.42.27:866][215]LogPlayLevel: Display: Shutting down PIE online subsystems
[2019.05.18-09.42.27:866][215]LogBlueprintUserMessages: Late EndPlayMap Detection: Level '/Game/Maps/TestMap.TestMap:PersistentLevel' has LevelScriptBlueprint '/Game/Maps/TestMap.TestMap:PersistentLevel.TestMap' with GeneratedClass '/Game/Maps/TestMap.TestMap_C' with ClassGeneratedBy '/Game/Maps/TestMap.TestMap:PersistentLevel.TestMap'
[2019.05.18-09.42.27:891][215]LogSlate: Updating window title bar state: overlay mode, drag disabled, window buttons hidden, title bar hidden
[2019.05.18-09.42.27:928][217]LogPlayLevel: Display: Destroying online subsystem :Context_8
[2019.05.18-09.42.32:199][472]LogSlate: FSceneViewport::OnFocusLost() reason 2
[2019.05.18-09.42.32:220][472]Cmd: OBJ SAVEPACKAGE PACKAGE="/Game/Maps/TestMap" FILE="D:/Unreal Engine 4/SpellEmUp/Content/Maps/TestMap.umap" SILENT=true AUTOSAVING=false KEEPDIRTY=false
[2019.05.18-09.42.32:444][472]LogSavePackage: Moving 'D:/Unreal Engine 4/SpellEmUp/Saved/TestMap53E6E970471E7B297EE5C29F6A1D8C60.tmp' to 'D:/Unreal Engine 4/SpellEmUp/Content/Maps/TestMap.umap'
[2019.05.18-09.42.32:498][472]Cmd: OBJ SAVEPACKAGE PACKAGE="/Game/Maps/TestMap_BuiltData" FILE="D:/Unreal Engine 4/SpellEmUp/Content/Maps/TestMap_BuiltData.uasset" SILENT=true
[2019.05.18-09.42.32:548][472]LogSavePackage: Moving 'D:/Unreal Engine 4/SpellEmUp/Saved/TestMap_BuiltDataDEFD29E14C509D27BEE64A985BF3AFEB.tmp' to 'D:/Unreal Engine 4/SpellEmUp/Content/Maps/TestMap_BuiltData.uasset'
[2019.05.18-09.42.41:949][961]LogSlate: Window 'Save Content' being destroyed
[2019.05.18-09.42.41:998][961]Cmd: OBJ SAVEPACKAGE PACKAGE="/Game/Blueprints/Enemies/Fodder/FodderEnemy_BP" FILE="D:/Unreal Engine 4/SpellEmUp/Content/Blueprints/Enemies/Fodder/FodderEnemy_BP.uasset" SILENT=true
[2019.05.18-09.42.42:064][961]LogSavePackage: Moving 'D:/Unreal Engine 4/SpellEmUp/Saved/FodderEnemy_BP408D34504E5372744C1CC29167D6BC3B.tmp' to 'D:/Unreal Engine 4/SpellEmUp/Content/Blueprints/Enemies/Fodder/FodderEnemy_BP.uasset'
[2019.05.18-09.42.59:016][333]LogSlate: Window 'Movement2_5D - Unreal Editor' being destroyed
[2019.05.18-09.42.59:231][334]Cmd: QUIT_EDITOR
[2019.05.18-09.43.00:068][334]LogWindowsTextInputMethodSystem: Display: IME system now deactivated.
[2019.05.18-09.43.00:086][334]LogExit: Preparing to exit.
[2019.05.18-09.43.01:026][334]LogExit: Editor shut down
[2019.05.18-09.43.01:027][334]LogExit: Transaction tracking system shut down
[2019.05.18-09.43.01:354][334]LogExit: Object subsystem successfully closed.
[2019.05.18-09.43.01:372][334]LogShaderCompilers: Display: Shaders left to compile 0
[2019.05.18-09.43.01:375][334]LogD3D11RHI: Shutdown
[2019.05.18-09.43.01:375][334]LogD3D11RHI: CleanupD3DDevice
[2019.05.18-09.43.01:377][334]LogD3D11RHI: ~FD3D11DynamicRHI
[2019.05.18-09.43.01:412][334]LogModuleManager: Shutting down and abandoning module MovieSceneCapture (616)
[2019.05.18-09.43.01:412][334]LogModuleManager: Shutting down and abandoning module Voice (614)
[2019.05.18-09.43.01:412][334]LogModuleManager: Shutting down and abandoning module BlueprintGraph (612)
[2019.05.18-09.43.01:412][334]LogModuleManager: Shutting down and abandoning module HierarchicalLODOutliner (610)
[2019.05.18-09.43.01:412][334]LogModuleManager: Shutting down and abandoning module SceneOutliner (608)
[2019.05.18-09.43.01:412][334]LogModuleManager: Shutting down and abandoning module AddContentDialog (606)
[2019.05.18-09.43.01:412][334]LogModuleManager: Shutting down and abandoning module WidgetCarousel (605)
[2019.05.18-09.43.01:412][334]LogModuleManager: Shutting down and abandoning module EditorWidgets (602)
[2019.05.18-09.43.01:412][334]LogModuleManager: Shutting down and abandoning module CollectionManager (600)
[2019.05.18-09.43.01:412][334]LogModuleManager: Shutting down and abandoning module StatsViewer (598)
[2019.05.18-09.43.01:412][334]LogModuleManager: Shutting down and abandoning module FoliageEdit (596)
[2019.05.18-09.43.01:412][334]LogModuleManager: Shutting down and abandoning module LandscapeEditor (594)
[2019.05.18-09.43.01:412][334]LogModuleManager: Shutting down and abandoning module MeshPaintMode (592)
[2019.05.18-09.43.01:413][334]LogModuleManager: Shutting down and abandoning module SceneDepthPickerMode (590)
[2019.05.18-09.43.01:413][334]LogModuleManager: Shutting down and abandoning module ActorPickerMode (588)
[2019.05.18-09.43.01:413][334]LogModuleManager: Shutting down and abandoning module GeometryMode (586)
[2019.05.18-09.43.01:413][334]LogModuleManager: Shutting down and abandoning module TextureAlignMode (584)
[2019.05.18-09.43.01:413][334]LogModuleManager: Shutting down and abandoning module BspMode (582)
[2019.05.18-09.43.01:413][334]LogModuleManager: Shutting down and abandoning module PIEPreviewDeviceProfileSelector (580)
[2019.05.18-09.43.01:413][334]LogModuleManager: Shutting down and abandoning module SequenceRecorderSections (578)
[2019.05.18-09.43.01:413][334]LogModuleManager: Shutting down and abandoning module AutomationWorker (576)
[2019.05.18-09.43.01:413][334]LogModuleManager: Shutting down and abandoning module AudioCaptureEditor (574)
[2019.05.18-09.43.01:413][334]LogModuleManager: Shutting down and abandoning module SequenceRecorder (573)
[2019.05.18-09.43.01:413][334]LogModuleManager: Shutting down and abandoning module MatineeToLevelSequence (570)
[2019.05.18-09.43.01:413][334]LogModuleManager: Shutting down and abandoning module LevelSequenceEditor (568)
[2019.05.18-09.43.01:413][334]LogModuleManager: Shutting down and abandoning module PlacementMode (567)
[2019.05.18-09.43.01:413][334]LogModuleManager: Shutting down and abandoning module MaterialEditor (566)
[2019.05.18-09.43.01:413][334]LogModuleManager: Shutting down and abandoning module WmfMediaFactory (562)
[2019.05.18-09.43.01:413][334]LogModuleManager: Shutting down and abandoning module WmfMediaEditor (560)
[2019.05.18-09.43.01:413][334]LogModuleManager: Shutting down and abandoning module MediaPlayerEditor (558)
[2019.05.18-09.43.01:413][334]LogModuleManager: Shutting down and abandoning module OpenExrWrapper (556)
[2019.05.18-09.43.01:413][334]LogModuleManager: Shutting down and abandoning module ImgMediaFactory (554)
[2019.05.18-09.43.01:413][334]LogModuleManager: Shutting down and abandoning module ImgMediaEditor (552)
[2019.05.18-09.43.01:413][334]LogModuleManager: Shutting down and abandoning module AvfMediaFactory (550)
[2019.05.18-09.43.01:413][334]LogModuleManager: Shutting down and abandoning module AvfMediaEditor (548)
[2019.05.18-09.43.01:413][334]LogModuleManager: Shutting down and abandoning module AndroidMediaFactory (546)
[2019.05.18-09.43.01:413][334]LogModuleManager: Shutting down and abandoning module AndroidMediaEditor (544)
[2019.05.18-09.43.01:413][334]LogModuleManager: Shutting down and abandoning module MagicLeapCameraPreviewFactory (542)
[2019.05.18-09.43.01:413][334]LogModuleManager: Shutting down and abandoning module MagicLeapMediaFactory (540)
[2019.05.18-09.43.01:413][334]LogModuleManager: Shutting down and abandoning module MagicLeapMediaEditor (538)
[2019.05.18-09.43.01:413][334]LogModuleManager: Shutting down and abandoning module CharacterAI (536)
[2019.05.18-09.43.01:413][334]LogModuleManager: Shutting down and abandoning module SmartSnapping (534)
[2019.05.18-09.43.01:413][334]LogModuleManager: Shutting down and abandoning module SessionServices (532)
[2019.05.18-09.43.01:413][334]LogModuleManager: Shutting down and abandoning module ViewportSnapping (530)
[2019.05.18-09.43.01:413][334]LogModuleManager: Shutting down and abandoning module ViewportInteraction (528)
[2019.05.18-09.43.01:413][334]LogModuleManager: Shutting down and abandoning module ClothPainter (526)
[2019.05.18-09.43.01:413][334]LogModuleManager: Shutting down and abandoning module SkeletalMeshEditor (525)
[2019.05.18-09.43.01:413][334]LogModuleManager: Shutting down and abandoning module LogVisualizer (522)
[2019.05.18-09.43.01:413][334]LogModuleManager: Shutting down and abandoning module IntroTutorials (520)
[2019.05.18-09.43.01:413][334]LogModuleManager: Shutting down and abandoning module GameProjectGeneration (519)
[2019.05.18-09.43.01:413][334]LogModuleManager: Shutting down and abandoning module LuminPlatformEditor (516)
[2019.05.18-09.43.01:413][334]LogModuleManager: Shutting down and abandoning module IOSPlatformEditor (514)
[2019.05.18-09.43.01:413][334]LogModuleManager: Shutting down and abandoning module HTML5PlatformEditor (512)
[2019.05.18-09.43.01:413][334]LogModuleManager: Shutting down and abandoning module AndroidPlatformEditor (510)
[2019.05.18-09.43.01:413][334]LogModuleManager: Shutting down and abandoning module AndroidDeviceDetection (509)
[2019.05.18-09.43.02:094][334]LogModuleManager: Shutting down and abandoning module WindowsPlatformEditor (506)
[2019.05.18-09.43.02:094][334]LogModuleManager: Shutting down and abandoning module LuminRuntimeSettings (504)
[2019.05.18-09.43.02:094][334]LogModuleManager: Shutting down and abandoning module IOSRuntimeSettings (502)
[2019.05.18-09.43.02:094][334]LogModuleManager: Shutting down and abandoning module AndroidRuntimeSettings (500)
[2019.05.18-09.43.02:094][334]LogModuleManager: Shutting down and abandoning module InputBindingEditor (498)
[2019.05.18-09.43.02:094][334]LogModuleManager: Shutting down and abandoning module MergeActors (496)
[2019.05.18-09.43.02:094][334]LogModuleManager: Shutting down and abandoning module LocalizationDashboard (494)
[2019.05.18-09.43.02:095][334]LogModuleManager: Shutting down and abandoning module LocalizationService (493)
[2019.05.18-09.43.02:095][334]LogModuleManager: Shutting down and abandoning module HardwareTargeting (490)
[2019.05.18-09.43.02:095][334]LogModuleManager: Shutting down and abandoning module DeviceProfileEditor (488)
[2019.05.18-09.43.02:095][334]LogModuleManager: Shutting down and abandoning module UndoHistory (486)
[2019.05.18-09.43.02:095][334]LogModuleManager: Shutting down and abandoning module XmlParser (484)
[2019.05.18-09.43.02:095][334]LogModuleManager: Shutting down and abandoning module Blutility (482)
[2019.05.18-09.43.02:095][334]LogModuleManager: Shutting down and abandoning module ProjectSettingsViewer (480)
[2019.05.18-09.43.02:095][334]LogModuleManager: Shutting down and abandoning module ProjectTargetPlatformEditor (479)
[2019.05.18-09.43.02:095][334]LogModuleManager: Shutting down and abandoning module EditorSettingsViewer (476)
[2019.05.18-09.43.02:095][334]LogModuleManager: Shutting down and abandoning module SettingsEditor (474)
[2019.05.18-09.43.02:095][334]LogModuleManager: Shutting down and abandoning module ProjectLauncher (472)
[2019.05.18-09.43.02:095][334]LogModuleManager: Shutting down and abandoning module SessionFrontend (470)
[2019.05.18-09.43.02:095][334]LogModuleManager: Shutting down and abandoning module ProfilerClient (468)
[2019.05.18-09.43.02:095][334]LogModuleManager: Shutting down and abandoning module DeviceManager (466)
[2019.05.18-09.43.02:095][334]LogModuleManager: Shutting down and abandoning module TargetDeviceServices (465)
[2019.05.18-09.43.02:150][334]LogModuleManager: Shutting down and abandoning module AutomationController (462)
[2019.05.18-09.43.02:150][334]LogModuleManager: Shutting down and abandoning module AutomationWindow (460)
[2019.05.18-09.43.02:150][334]LogModuleManager: Shutting down and abandoning module Layers (458)
[2019.05.18-09.43.02:150][334]LogModuleManager: Shutting down and abandoning module ComponentVisualizers (456)
[2019.05.18-09.43.02:150][334]LogModuleManager: Shutting down and abandoning module DetailCustomizations (454)
[2019.05.18-09.43.02:150][334]LogModuleManager: Shutting down and abandoning module PackagesDialog (452)
[2019.05.18-09.43.02:150][334]LogModuleManager: Shutting down and abandoning module Persona (450)
[2019.05.18-09.43.02:150][334]LogModuleManager: Shutting down and abandoning module AdvancedPreviewScene (449)
[2019.05.18-09.43.02:150][334]LogModuleManager: Shutting down and abandoning module AnimGraph (447)
[2019.05.18-09.43.02:150][334]LogModuleManager: Shutting down and abandoning module Kismet (444)
[2019.05.18-09.43.02:154][334]LogModuleManager: Shutting down and abandoning module GraphEditor (442)
[2019.05.18-09.43.02:154][334]LogModuleManager: Shutting down and abandoning module ClassViewer (440)
[2019.05.18-09.43.02:154][334]LogModuleManager: Shutting down and abandoning module Toolbox (438)
[2019.05.18-09.43.02:154][334]LogModuleManager: Shutting down and abandoning module ModuleUI (436)
[2019.05.18-09.43.02:154][334]LogModuleManager: Shutting down and abandoning module MovieSceneTools (434)
[2019.05.18-09.43.02:154][334]LogModuleManager: Shutting down and abandoning module OutputLog (432)
[2019.05.18-09.43.02:154][334]LogModuleManager: Shutting down and abandoning module GammaUI (430)
[2019.05.18-09.43.02:154][334]LogModuleManager: Shutting down and abandoning module Documentation (428)
[2019.05.18-09.43.02:154][334]LogModuleManager: Shutting down and abandoning module MovieSceneTracks (426)
[2019.05.18-09.43.02:154][334]LogModuleManager: Shutting down and abandoning module MovieScene (424)
[2019.05.18-09.43.02:154][334]LogModuleManager: Shutting down and abandoning module StreamingPauseRendering (422)
[2019.05.18-09.43.02:154][334]LogModuleManager: Shutting down and abandoning module LauncherPlatform (420)
[2019.05.18-09.43.02:154][334]LogModuleManager: Shutting down and abandoning module AnalyticsET (418)
[2019.05.18-09.43.02:154][334]LogModuleManager: Shutting down and abandoning module PortalServices (416)
[2019.05.18-09.43.02:154][334]LogModuleManager: Shutting down and abandoning module PortalRpc (414)
[2019.05.18-09.43.02:154][334]LogModuleManager: Shutting down and abandoning module MessagingRpc (412)
[2019.05.18-09.43.02:154][334]LogModuleManager: Shutting down and abandoning module AIModule (410)
[2019.05.18-09.43.02:154][334]LogModuleManager: Shutting down and abandoning module GameplayDebugger (409)
[2019.05.18-09.43.02:154][334]LogModuleManager: Shutting down and abandoning module AITestSuite (407)
[2019.05.18-09.43.02:154][334]LogModuleManager: Shutting down and abandoning module NavigationSystem (405)
[2019.05.18-09.43.02:154][334]LogModuleManager: Shutting down and abandoning module DesktopPlatform (402)
[2019.05.18-09.43.02:154][334]LogModuleManager: Shutting down and abandoning module ProfilerService (400)
[2019.05.18-09.43.02:218][334]LogModuleManager: Shutting down and abandoning module TaskGraph (398)
[2019.05.18-09.43.02:218][334]LogModuleManager: Shutting down and abandoning module SteamVRController (396)
[2019.05.18-09.43.02:218][334]LogModuleManager: Shutting down and abandoning module ProceduralMeshComponentEditor (394)
[2019.05.18-09.43.02:218][334]LogModuleManager: Shutting down and abandoning module ProceduralMeshComponent (392)
[2019.05.18-09.43.02:218][334]LogModuleManager: Shutting down and abandoning module OculusInput (390)
[2019.05.18-09.43.02:218][334]LogModuleManager: Shutting down and abandoning module MobilePatchingUtils (388)
[2019.05.18-09.43.02:218][334]LogModuleManager: Shutting down and abandoning module EditableMesh (386)
[2019.05.18-09.43.02:218][334]LogModuleManager: Shutting down and abandoning module CustomMeshComponent (384)
[2019.05.18-09.43.02:218][334]LogModuleManager: Shutting down and abandoning module CableComponent (382)
[2019.05.18-09.43.02:218][334]LogModuleManager: Shutting down and abandoning module AudioCapture (380)
[2019.05.18-09.43.02:218][334]LogModuleManager: Shutting down and abandoning module ArchVisCharacter (378)
[2019.05.18-09.43.02:218][334]LogModuleManager: Shutting down and abandoning module AndroidPermission (376)
[2019.05.18-09.43.02:218][334]LogModuleManager: Shutting down and abandoning module NUTUnrealEngine4 (374)
[2019.05.18-09.43.02:218][334]LogModuleManager: Shutting down and abandoning module NetcodeUnitTest (372)
[2019.05.18-09.43.02:218][334]LogModuleManager: Shutting down and abandoning module MediaCompositingEditor (370)
[2019.05.18-09.43.02:218][334]LogModuleManager: Shutting down and abandoning module MediaCompositing (368)
[2019.05.18-09.43.02:218][334]LogModuleManager: Shutting down and abandoning module LinearTimecode (366)
[2019.05.18-09.43.02:218][334]LogModuleManager: Shutting down and abandoning module ImgMedia (364)
[2019.05.18-09.43.02:221][334]LogModuleManager: Shutting down and abandoning module HTML5Networking (362)
[2019.05.18-09.43.02:221][334]LogModuleManager: Shutting down and abandoning module GeometryCacheTracks (360)
[2019.05.18-09.43.02:221][334]LogModuleManager: Shutting down and abandoning module GeometryCacheSequencer (358)
[2019.05.18-09.43.02:221][334]LogModuleManager: Shutting down and abandoning module BackChannel (356)
[2019.05.18-09.43.02:221][334]LogModuleManager: Shutting down and abandoning module AppleVision (354)
[2019.05.18-09.43.02:222][334]LogModuleManager: Shutting down and abandoning module AppleImageUtils (352)
[2019.05.18-09.43.02:222][334]LogModuleManager: Shutting down and abandoning module AlembicImporter (350)
[2019.05.18-09.43.02:222][334]LogModuleManager: Shutting down and abandoning module AlembicLibrary (349)
[2019.05.18-09.43.02:222][334]LogModuleManager: Shutting down and abandoning module GeometryCache (348)
[2019.05.18-09.43.02:222][334]LogModuleManager: Shutting down and abandoning module GeometryCacheEd (347)
[2019.05.18-09.43.02:222][334]LogModuleManager: Shutting down and abandoning module DatasmithContentEditor (342)
[2019.05.18-09.43.02:222][334]LogModuleManager: Shutting down and abandoning module DatasmithContent (340)
[2019.05.18-09.43.02:222][334]LogModuleManager: Shutting down and abandoning module SpeedTreeImporter (338)
[2019.05.18-09.43.02:222][334]LogModuleManager: Shutting down and abandoning module PluginBrowser (336)
[2019.05.18-09.43.02:222][334]LogModuleManager: Shutting down and abandoning module MobileLauncherProfileWizard (334)
[2019.05.18-09.43.02:222][334]LogModuleManager: Shutting down and abandoning module PolygonModeling (332)
[2019.05.18-09.43.02:222][334]LogModuleManager: Shutting down and abandoning module MeshEditor (330)
[2019.05.18-09.43.02:223][334]LogModuleManager: Shutting down and abandoning module CryptoKeysOpenSSL (328)
[2019.05.18-09.43.02:223][334]LogModuleManager: Shutting down and abandoning module CryptoKeys (326)
[2019.05.18-09.43.02:223][334]LogModuleManager: Shutting down and abandoning module VisualStudioSourceCodeAccess (324)
[2019.05.18-09.43.02:223][334]LogModuleManager: Shutting down and abandoning module VisualStudioCodeSourceCodeAccess (322)
[2019.05.18-09.43.02:223][334]LogModuleManager: Shutting down and abandoning module UObjectPlugin (320)
[2019.05.18-09.43.02:223][334]LogModuleManager: Shutting down and abandoning module SubversionSourceControl (318)
[2019.05.18-09.43.02:223][334]LogModuleManager: Shutting down and abandoning module PerforceSourceControl (316)
[2019.05.18-09.43.02:223][334]LogModuleManager: Shutting down and abandoning module GitSourceControl (314)
[2019.05.18-09.43.02:223][334]LogModuleManager: Shutting down and abandoning module SourceControl (313)
[2019.05.18-09.43.02:223][334]LogModuleManager: Shutting down and abandoning module CLionSourceCodeAccess (310)
[2019.05.18-09.43.02:223][334]LogModuleManager: Shutting down and abandoning module LightPropagationVolumeEditor (308)
[2019.05.18-09.43.02:223][334]LogModuleManager: Shutting down and abandoning module PaperTiledImporter (306)
[2019.05.18-09.43.02:223][334]LogModuleManager: Shutting down and abandoning module PaperSpriteSheetImporter (304)
[2019.05.18-09.43.02:223][334]LogModuleManager: Shutting down and abandoning module Paper2DEditor (302)
[2019.05.18-09.43.02:223][334]LogModuleManager: Shutting down and abandoning module MeshPaint (301)
[2019.05.18-09.43.02:223][334]LogModuleManager: Shutting down and abandoning module RuntimePhysXCooking (298)
[2019.05.18-09.43.02:223][334]LogModuleManager: Shutting down and abandoning module PhysXVehiclesEditor (296)
[2019.05.18-09.43.02:223][334]LogModuleManager: Shutting down and abandoning module PhysXVehicles (294)
[2019.05.18-09.43.02:223][334]LogModuleManager: Shutting down and abandoning module OculusEditor (292)
[2019.05.18-09.43.02:223][334]LogModuleManager: Shutting down and abandoning module LocationServicesBPLibrary (290)
[2019.05.18-09.43.02:223][334]LogModuleManager: Shutting down and abandoning module ImmediatePhysicsEditor (288)
[2019.05.18-09.43.02:223][334]LogModuleManager: Shutting down and abandoning module ImmediatePhysics (286)
[2019.05.18-09.43.02:223][334]LogModuleManager: Shutting down and abandoning module ActorSequence (284)
[2019.05.18-09.43.02:223][334]LogModuleManager: Shutting down and abandoning module UdpMessaging (282)
[2019.05.18-09.43.02:325][334]LogModuleManager: Shutting down and abandoning module TcpMessaging (280)
[2019.05.18-09.43.02:426][334]LogModuleManager: Shutting down and abandoning module MagicLeapAudio (278)
[2019.05.18-09.43.02:426][334]LogModuleManager: Shutting down and abandoning module GameplayTagsEditor (276)
[2019.05.18-09.43.02:426][334]LogModuleManager: Shutting down and abandoning module FacialAnimationEditor (274)
[2019.05.18-09.43.02:426][334]LogModuleManager: Shutting down and abandoning module FacialAnimation (272)
[2019.05.18-09.43.02:426][334]LogModuleManager: Shutting down and abandoning module DataValidation (270)
[2019.05.18-09.43.02:426][334]LogModuleManager: Shutting down and abandoning module AssetManagerEditor (268)
[2019.05.18-09.43.02:426][334]LogModuleManager: Shutting down and abandoning module LevelEditor (267)
[2019.05.18-09.43.02:427][334]LogModuleManager: Shutting down and abandoning module PixelInspectorModule (266)
[2019.05.18-09.43.02:427][334]LogModuleManager: Shutting down and abandoning module CommonMenuExtensions (264)
[2019.05.18-09.43.02:428][334]LogModuleManager: Shutting down and abandoning module MainFrame (262)
[2019.05.18-09.43.02:428][334]LogModuleManager: Shutting down and abandoning module HotReload (261)
[2019.05.18-09.43.02:429][334]LogModuleManager: Shutting down and abandoning module ContentBrowser (257)
[2019.05.18-09.43.02:430][334]LogModuleManager: Shutting down and abandoning module TreeMap (255)
[2019.05.18-09.43.02:430][334]LogModuleManager: Shutting down and abandoning module LightPropagationVolumeRuntime (252)
[2019.05.18-09.43.02:430][334]LogModuleManager: Shutting down and abandoning module AISupportModule (250)
[2019.05.18-09.43.02:430][334]LogModuleManager: Shutting down and abandoning module Paper2D (248)
[2019.05.18-09.43.02:431][334]LogModuleManager: Shutting down and abandoning module WindowsMoviePlayer (246)
[2019.05.18-09.43.02:431][334]LogModuleManager: Shutting down and abandoning module WmfMedia (244)
[2019.05.18-09.43.02:433][334]LogModuleManager: Shutting down and abandoning module Media (243)
[2019.05.18-09.43.02:440][334]LogModuleManager: Shutting down and abandoning module PacketHandler (240)
[2019.05.18-09.43.02:440][334]LogModuleManager: Shutting down and abandoning module ClothingSystemEditor (238)
[2019.05.18-09.43.02:440][334]LogModuleManager: Shutting down and abandoning module ClothingSystemRuntime (236)
[2019.05.18-09.43.02:440][334]LogModuleManager: Shutting down and abandoning module MediaAssets (234)
[2019.05.18-09.43.02:440][334]LogModuleManager: Shutting down and abandoning module Overlay (232)
[2019.05.18-09.43.02:440][334]LogModuleManager: Shutting down and abandoning module OverlayEditor (231)
[2019.05.18-09.43.02:440][334]LogModuleManager: Shutting down and abandoning module VREditor (228)
[2019.05.18-09.43.02:440][334]LogModuleManager: Shutting down and abandoning module StringTableEditor (226)
[2019.05.18-09.43.02:440][334]LogModuleManager: Shutting down and abandoning module GameplayTasksEditor (224)
[2019.05.18-09.43.02:441][334]LogModuleManager: Shutting down and abandoning module BehaviorTreeEditor (222)
[2019.05.18-09.43.02:441][334]LogModuleManager: Shutting down and abandoning module FunctionalTesting (220)
[2019.05.18-09.43.02:441][334]LogModuleManager: Shutting down and abandoning module CollisionAnalyzer (218)
[2019.05.18-09.43.02:441][334]LogModuleManager: Shutting down and abandoning module WorkspaceMenuStructure (217)
[2019.05.18-09.43.02:441][334]LogModuleManager: Shutting down and abandoning module UMG (214)
[2019.05.18-09.43.02:441][334]LogModuleManager: Shutting down and abandoning module UMGEditor (213)
[2019.05.18-09.43.02:441][334]LogModuleManager: Shutting down and abandoning module Sequencer (212)
[2019.05.18-09.43.02:441][334]LogModuleManager: Shutting down and abandoning module MessageLog (209)
[2019.05.18-09.43.02:441][334]LogModuleManager: Shutting down and abandoning module SlateReflector (204)
[2019.05.18-09.43.02:441][334]LogModuleManager: Shutting down and abandoning module Slate (202)
[2019.05.18-09.43.02:441][334]LogModuleManager: Shutting down and abandoning module EditorStyle (200)
[2019.05.18-09.43.02:444][334]LogModuleManager: Shutting down and abandoning module MRMesh (198)
[2019.05.18-09.43.02:444][334]LogModuleManager: Shutting down and abandoning module SourceCodeAccess (196)
[2019.05.18-09.43.02:444][334]LogModuleManager: Shutting down and abandoning module HeadMountedDisplay (194)
[2019.05.18-09.43.02:444][334]LogModuleManager: Shutting down and abandoning module XAudio2 (192)
[2019.05.18-09.43.02:444][334]LogModuleManager: Shutting down and abandoning module Networking (190)
[2019.05.18-09.43.02:444][334]LogModuleManager: Shutting down and abandoning module Core (188)
[2019.05.18-09.43.02:444][334]LogModuleManager: Shutting down and abandoning module LevelSequence (186)
[2019.05.18-09.43.02:444][334]LogModuleManager: Shutting down and abandoning module KismetCompiler (184)
[2019.05.18-09.43.02:444][334]LogModuleManager: Shutting down and abandoning module MeshUtilities (182)
[2019.05.18-09.43.02:445][334]LogModuleManager: Shutting down and abandoning module MeshMergeUtilities (181)
[2019.05.18-09.43.02:445][334]LogModuleManager: Shutting down and abandoning module MeshReductionInterface (180)
[2019.05.18-09.43.02:445][334]LogModuleManager: Shutting down and abandoning module SimplygonSwarm (179)
[2019.05.18-09.43.02:445][334]LogModuleManager: Shutting down and abandoning module ProxyLODMeshReduction (177)
[2019.05.18-09.43.02:445][334]LogModuleManager: Shutting down and abandoning module SimplygonMeshReduction (175)
[2019.05.18-09.43.02:445][334]LogModuleManager: Shutting down and abandoning module QuadricMeshReduction (173)
[2019.05.18-09.43.02:445][334]LogModuleManager: Shutting down and abandoning module MaterialBaking (169)
[2019.05.18-09.43.02:445][334]LogModuleManager: Shutting down and abandoning module DirectoryWatcher (165)
[2019.05.18-09.43.02:445][334]LogModuleManager: Shutting down and abandoning module DerivedDataCache (162)
[2019.05.18-09.43.02:489][334]LogDerivedDataCache: Shutdown
[2019.05.18-09.43.02:489][334]LogModuleManager: Shutting down and abandoning module XGEController (160)
[2019.05.18-09.43.02:489][334]LogModuleManager: Shutting down and abandoning module TargetPlatform (158)
[2019.05.18-09.43.02:489][334]LogModuleManager: Shutting down and abandoning module VulkanShaderFormat (157)
[2019.05.18-09.43.02:489][334]LogModuleManager: Shutting down and abandoning module ShaderFormatVectorVM (155)
[2019.05.18-09.43.02:489][334]LogModuleManager: Shutting down and abandoning module ShaderFormatOpenGL (153)
[2019.05.18-09.43.02:489][334]LogModuleManager: Shutting down and abandoning module ShaderFormatD3D (151)
[2019.05.18-09.43.02:489][334]LogModuleManager: Shutting down and abandoning module MetalShaderFormat (149)
[2019.05.18-09.43.02:489][334]LogModuleManager: Shutting down and abandoning module TextureFormatUncompressed (147)
[2019.05.18-09.43.02:489][334]LogModuleManager: Shutting down and abandoning module TextureFormatPVR (145)
[2019.05.18-09.43.02:489][334]LogModuleManager: Shutting down and abandoning module TextureFormatDXT (143)
[2019.05.18-09.43.02:489][334]LogModuleManager: Shutting down and abandoning module TextureFormatIntelISPCTexComp (141)
[2019.05.18-09.43.02:489][334]LogModuleManager: Shutting down and abandoning module TextureFormatASTC (139)
[2019.05.18-09.43.02:489][334]LogModuleManager: Shutting down and abandoning module ImageWrapper (138)
[2019.05.18-09.43.02:489][334]LogModuleManager: Shutting down and abandoning module TextureFormatAndroid (135)
[2019.05.18-09.43.02:489][334]LogModuleManager: Shutting down and abandoning module AudioFormatOpus (133)
[2019.05.18-09.43.02:489][334]LogModuleManager: Shutting down and abandoning module AudioFormatOgg (131)
[2019.05.18-09.43.02:489][334]LogModuleManager: Shutting down and abandoning module AudioFormatADPCM (129)
[2019.05.18-09.43.02:489][334]LogModuleManager: Shutting down and abandoning module LuminTargetPlatform (127)
[2019.05.18-09.43.02:489][334]LogModuleManager: Shutting down and abandoning module LinuxTargetPlatform (125)
[2019.05.18-09.43.02:489][334]LogModuleManager: Shutting down and abandoning module LinuxServerTargetPlatform (123)
[2019.05.18-09.43.02:489][334]LogModuleManager: Shutting down and abandoning module LinuxNoEditorTargetPlatform (121)
[2019.05.18-09.43.02:489][334]LogModuleManager: Shutting down and abandoning module LinuxClientTargetPlatform (119)
[2019.05.18-09.43.02:489][334]LogModuleManager: Shutting down and abandoning module TVOSTargetPlatform (117)
[2019.05.18-09.43.02:490][334]LogModuleManager: Shutting down and abandoning module Messaging (115)
[2019.05.18-09.43.02:490][334]LogModuleManager: Shutting down and abandoning module IOSTargetPlatform (113)
[2019.05.18-09.43.02:491][334]LogModuleManager: Shutting down and abandoning module HTML5TargetPlatform (111)
[2019.05.18-09.43.02:491][334]LogModuleManager: Shutting down and abandoning module AndroidTargetPlatform (109)
[2019.05.18-09.43.02:497][334]LogModuleManager: Shutting down and abandoning module WindowsTargetPlatform (107)
[2019.05.18-09.43.02:497][334]LogModuleManager: Shutting down and abandoning module WindowsServerTargetPlatform (105)
[2019.05.18-09.43.02:498][334]LogModuleManager: Shutting down and abandoning module WindowsNoEditorTargetPlatform (103)
[2019.05.18-09.43.02:498][334]LogModuleManager: Shutting down and abandoning module WindowsClientTargetPlatform (101)
[2019.05.18-09.43.02:498][334]LogModuleManager: Shutting down and abandoning module MacTargetPlatform (99)
[2019.05.18-09.43.02:498][334]LogModuleManager: Shutting down and abandoning module MacServerTargetPlatform (97)
[2019.05.18-09.43.02:498][334]LogModuleManager: Shutting down and abandoning module MacNoEditorTargetPlatform (95)
[2019.05.18-09.43.02:498][334]LogModuleManager: Shutting down and abandoning module MacClientTargetPlatform (93)
[2019.05.18-09.43.02:498][334]LogModuleManager: Shutting down and abandoning module AllDesktopTargetPlatform (91)
[2019.05.18-09.43.02:498][334]LogModuleManager: Shutting down and abandoning module InputCore (88)
[2019.05.18-09.43.02:498][334]LogModuleManager: Shutting down and abandoning module Settings (86)
[2019.05.18-09.43.02:498][334]LogModuleManager: Shutting down and abandoning module PhysXCooking (84)
[2019.05.18-09.43.02:498][334]LogModuleManager: Shutting down and abandoning module SteamVR (82)
[2019.05.18-09.43.02:498][334]LogModuleManager: Shutting down and abandoning module OculusHMD (80)
[2019.05.18-09.43.02:498][334]LogModuleManager: Shutting down and abandoning module ExampleDeviceProfileSelector (78)
[2019.05.18-09.43.02:498][334]LogModuleManager: Shutting down and abandoning module LauncherChunkInstaller (76)
[2019.05.18-09.43.02:498][334]LogModuleManager: Shutting down and abandoning module OnlineBlueprintSupport (74)
[2019.05.18-09.43.02:498][334]LogModuleManager: Shutting down and abandoning module OnlineSubsystem (70)
[2019.05.18-09.43.02:498][334]LogModuleManager: Shutting down and abandoning module XMPP (65)
[2019.05.18-09.43.02:498][334]LogModuleManager: Shutting down and abandoning module WebSockets (64)
[2019.05.18-09.43.02:523][334]LogModuleManager: Shutting down and abandoning module HTTP (61)
[2019.05.18-09.43.02:523][334]LogHttp: Display: Http module shutting down, but needs to wait on 1 outstanding Http requests:
[2019.05.18-09.43.02:523][334]LogHttp: Display: 	verb=[POST] url=[https://datarouter.ol.epicgames.com/datarouter/api/v1/public/data?SessionID=%7B132B462B-4384-225B-5586-D29D061F1674%7D&AppID=UEEditor.Rocket.Release&AppVersion=4.20.3-4369336%2B%2B%2BUE4%2BRelease-4.20&UserID=fba89282484c1b30772814b49028c8fd%7C4d61f3e9fb6941278b428f8b1ec4111b%7C1641adfa-6356-46ad-990b-493ad1ac7964&AppEnvironment=datacollector-binary&UploadType=eteventstream] status=Processing
[2019.05.18-09.43.02:534][334]LogModuleManager: Shutting down and abandoning module SSL (60)
[2019.05.18-09.43.02:537][334]LogModuleManager: Shutting down and abandoning module MagicLeapEmulator (56)
[2019.05.18-09.43.02:537][334]LogModuleManager: Shutting down and abandoning module MagicLeapPrivileges (54)
[2019.05.18-09.43.02:537][334]LogModuleManager: Shutting down and abandoning module MagicLeapIdentity (52)
[2019.05.18-09.43.02:537][334]LogModuleManager: Shutting down and abandoning module MagicLeapHelperVulkan (50)
[2019.05.18-09.43.02:537][334]LogModuleManager: Shutting down and abandoning module MagicLeapHelperOpenGL (48)
[2019.05.18-09.43.02:537][334]LogModuleManager: Shutting down and abandoning module MagicLeapSecureStorage (46)
[2019.05.18-09.43.02:537][334]LogModuleManager: Shutting down and abandoning module MagicLeapGestures (44)
[2019.05.18-09.43.02:537][334]LogModuleManager: Shutting down and abandoning module MagicLeapEyeTracker (42)
[2019.05.18-09.43.02:537][334]LogModuleManager: Shutting down and abandoning module MagicLeapController (40)
[2019.05.18-09.43.02:537][334]LogSlate: Slate User Destroyed.  User Index 0, Is Virtual User: 0
[2019.05.18-09.43.02:538][334]LogModuleManager: Shutting down and abandoning module MagicLeap (38)
[2019.05.18-09.43.02:538][334]LogModuleManager: Shutting down and abandoning module AnimationModifiers (36)
[2019.05.18-09.43.02:538][334]LogModuleManager: Shutting down and abandoning module PropertyEditor (35)
[2019.05.18-09.43.02:538][334]LogModuleManager: Shutting down and abandoning module AudioEditor (32)
[2019.05.18-09.43.02:538][334]LogModuleManager: Shutting down and abandoning module TextureCompressor (30)
[2019.05.18-09.43.02:539][334]LogModuleManager: Shutting down and abandoning module ShaderCore (28)
[2019.05.18-09.43.02:539][334]LogModuleManager: Shutting down and abandoning module Landscape (26)
[2019.05.18-09.43.02:539][334]LogModuleManager: Shutting down and abandoning module SlateRHIRenderer (24)
[2019.05.18-09.43.02:540][334]LogModuleManager: Shutting down and abandoning module OpenGLDrv (22)
[2019.05.18-09.43.02:540][334]LogModuleManager: Shutting down and abandoning module D3D11RHI (20)
[2019.05.18-09.43.02:540][334]LogModuleManager: Shutting down and abandoning module AnimGraphRuntime (18)
[2019.05.18-09.43.02:540][334]LogModuleManager: Shutting down and abandoning module Renderer (16)
[2019.05.18-09.43.02:540][334]LogModuleManager: Shutting down and abandoning module Engine (14)
[2019.05.18-09.43.02:540][334]LogModuleManager: Shutting down and abandoning module CoreUObject (12)
[2019.05.18-09.43.02:540][334]LogModuleManager: Shutting down and abandoning module NetworkFile (10)
[2019.05.18-09.43.02:541][334]LogModuleManager: Shutting down and abandoning module CookedIterativeFile (8)
[2019.05.18-09.43.02:541][334]LogModuleManager: Shutting down and abandoning module StreamingFile (6)
[2019.05.18-09.43.02:541][334]LogModuleManager: Shutting down and abandoning module SandboxFile (4)
[2019.05.18-09.43.02:541][334]LogModuleManager: Shutting down and abandoning module PakFile (2)
[2019.05.18-09.43.02:561][334]LogExit: Exiting.
[2019.05.18-09.43.02:571][334]Log file closed, 05/18/19 11:43:02
